time="2022-05-19T00:51:20+07:00" level=info msg=21
time="2022-05-19T00:51:21+07:00" level=info msg="len abk:4"
time="2022-05-19T00:51:21+07:00" level=info msg="len ketm:4"
time="2022-05-19T00:51:21+07:00" level=info msg="0-ObjectID(\"60924c90004e4b0038618a14\") - SMAN 1 BANDUNG - KETM - q: 4 - p:8"
time="2022-05-19T00:51:21+07:00" level=info msg="1-ObjectID(\"60924c90004e4b00386189dc\") - SMAN 2 BANDUNG - KETM - q: 9 - p:11"
time="2022-05-19T00:51:21+07:00" level=info msg="2-ObjectID(\"60924c90004e4b003861893c\") - SMAN 6 BANDUNG - KETM - q: 4 - p:6"
time="2022-05-19T00:51:21+07:00" level=info msg="3-ObjectID(\"000000000000000000000012\") - TemporarySMAKetm - q: 0 - p:0"
time="2022-05-19T00:51:21+07:00" level=info msg="0-ObjectID(\"60924c90004e4b0038618a15\") - SMAN 1 BANDUNG - KONDISI TERTENTU - q: 12 - p:7"
time="2022-05-19T00:51:21+07:00" level=info msg="1-ObjectID(\"60924c90004e4b00386189dd\") - SMAN 2 BANDUNG - KONDISI TERTENTU - q: 17 - p:17"
time="2022-05-19T00:51:21+07:00" level=info msg="2-ObjectID(\"60924c90004e4b003861893d\") - SMAN 6 BANDUNG - KONDISI TERTENTU - q: 3 - p:1"
time="2022-05-19T00:51:21+07:00" level=info msg="3-ObjectID(\"000000000000000000000013\") - TemporarySMAKondisiTertentu - q: 0 - p:0"
time="2022-05-19T00:51:21+07:00" level=info msg=Filter1Options
time="2022-05-19T00:51:21+07:00" level=info msg="end getFiltered"
time="2022-05-19T00:51:21+07:00" level=info msg="go done getFiltered abk"
time="2022-05-19T00:51:21+07:00" level=info msg="go done getFiltered"
time="2022-05-19T00:51:21+07:00" level=info msg="bef getFiltered:"
time="2022-05-19T00:51:21+07:00" level=debug msg=afterSortByDistanceAndAge
time="2022-05-19T00:51:21+07:00" level=debug msg="ObjectID(\"60924c90004e4b0038618a13\") - SMAN 1 BANDUNG - ABK len.std:0 : q: 0 \n "
time="2022-05-19T00:51:21+07:00" level=debug msg=afterSortByDistanceAndAge
time="2022-05-19T00:51:21+07:00" level=debug msg="ObjectID(\"60924c90004e4b00386189db\") - SMAN 2 BANDUNG - ABK len.std:1 : q: 1 \n "
time="2022-05-19T00:51:21+07:00" level=debug msg="0:CINDY ANNISA RAHMADIANTI - acc:0 distance1: 6691.907 AccIdx: 0 AccId: ObjectID(\"60924c90004e4b00386189db\")"
time="2022-05-19T00:51:21+07:00" level=debug msg=afterSortByDistanceAndAge
time="2022-05-19T00:51:21+07:00" level=debug msg="ObjectID(\"60924c90004e4b003861893b\") - SMAN 6 BANDUNG - ABK len.std:2 : q: 2 \n "
time="2022-05-19T00:51:21+07:00" level=debug msg="0:LUNA OKTAVIA MAHARANI - acc:0 distance1: 663.663 AccIdx: 0 AccId: ObjectID(\"60924c90004e4b003861893b\")"
time="2022-05-19T00:51:21+07:00" level=debug msg="1:CORRIE SYERA ANDRIANY - acc:0 distance1: 3188.747 AccIdx: 0 AccId: ObjectID(\"60924c90004e4b003861893b\")"
time="2022-05-19T00:51:21+07:00" level=info msg="aft getFiltered"
time="2022-05-19T00:51:21+07:00" level=info msg="close messages"
time="2022-05-19T00:15:19+07:00" level=info msg=Filter2OptionsShareQuota
time="2022-05-19T00:15:19+07:00" level=info msg="end getFiltered"
time="2022-05-19T00:15:19+07:00" level=info msg="go done getFiltered"
time="2022-05-19T00:15:19+07:00" level=info msg="go done getFiltered"
time="2022-05-19T00:15:19+07:00" level=info msg="bef getFiltered:"
time="2022-05-19T00:15:19+07:00" level=debug msg=afterSortByDistanceAndAge
time="2022-05-19T00:15:19+07:00" level=debug msg="ObjectID(\"60924c90004e4b0038618a14\") - SMAN 1 BANDUNG - KETM len.std:8 : q: 4 \n "
time="2022-05-19T00:15:19+07:00" level=debug msg="0:SITI HAFSHOH AMINAH - acc:0 distance1: 577.688 AccIdx: 0 AccId: ObjectID(\"60924c90004e4b0038618a14\")"
time="2022-05-19T00:15:19+07:00" level=debug msg="1:VIRLY AZZAHRA - acc:0 distance1: 751.532 AccIdx: 0 AccId: ObjectID(\"60924c90004e4b0038618a14\")"
time="2022-05-19T00:15:19+07:00" level=debug msg="2:MOCHAMMAD FAHMI HILABI - acc:0 distance1: 880.11 AccIdx: 0 AccId: ObjectID(\"60924c90004e4b0038618a14\")"
time="2022-05-19T00:15:19+07:00" level=debug msg="3:RAMA ALY AWALUDIN - acc:0 distance1: 1028.392 AccIdx: 0 AccId: ObjectID(\"60924c90004e4b0038618a14\")"
time="2022-05-19T00:15:19+07:00" level=debug msg="4:YANI KARTIKA HAERUN NISA - acc:0 distance1: 1327.879 AccIdx: 0 AccId: ObjectID(\"60924c90004e4b0038618a14\")"
time="2022-05-19T00:15:19+07:00" level=debug msg="5:ILHAM TRIANA PUTRA - acc:0 distance1: 1374.903 AccIdx: 0 AccId: ObjectID(\"60924c90004e4b0038618a14\")"
time="2022-05-19T00:15:19+07:00" level=debug msg="6:MUHAMMAD RAFFI NUR BAIHAQI - acc:0 distance1: 1562.129 AccIdx: 0 AccId: ObjectID(\"60924c90004e4b0038618a14\")"
time="2022-05-19T00:15:19+07:00" level=debug msg="7:NENG AISYAH HANIFA - acc:0 distance1: 20491.71 AccIdx: 0 AccId: ObjectID(\"60924c90004e4b0038618a14\")"
time="2022-05-19T00:15:19+07:00" level=debug msg="SMAN 1 BANDUNG - KETM NeedQuotaFirstOpt:4"
time="2022-05-19T00:15:19+07:00" level=debug msg="0-findIdxStd:SMAN 1 BANDUNG - KETM-ObjectID(\"60c18d47348dbb52c27e0e15\")-YANI KARTIKA HAERUN NISA - 0 - SMAN 1 BANDUNG - KETM - 4 - AcceptedStatus:0"
time="2022-05-19T00:15:19+07:00" level=debug msg="          >sec ori:4:YANI KARTIKA HAERUN NISA-YANI KARTIKA HAERUN NISA-ObjectID(\"60924c90004e4b0038618974\") - -1"
time="2022-05-19T00:15:19+07:00" level=debug msg="in if -1 idx:3-YANI KARTIKA HAERUN NISA-3 accId:ObjectID(\"000000000000000000000012\")"
time="2022-05-19T00:15:19+07:00" level=debug msg="YANI KARTIKA HAERUN NISA accId:ObjectID(\"000000000000000000000012\")"
time="2022-05-19T00:15:19+07:00" level=debug msg="1-findIdxStd:SMAN 1 BANDUNG - KETM-ObjectID(\"60c2d1e3bf58ef1d4b652c14\")-ILHAM TRIANA PUTRA - 0 - SMAN 1 BANDUNG - KETM - 5 - AcceptedStatus:0"
time="2022-05-19T00:15:19+07:00" level=debug msg="          >sec ori:4:ILHAM TRIANA PUTRA-ILHAM TRIANA PUTRA-ObjectID(\"60924c90004e4b00386189d4\") - -1"
time="2022-05-19T00:15:19+07:00" level=debug msg="in if -1 idx:3-ILHAM TRIANA PUTRA-3 accId:ObjectID(\"000000000000000000000012\")"
time="2022-05-19T00:15:19+07:00" level=debug msg="YANI KARTIKA HAERUN NISA accId:ObjectID(\"000000000000000000000012\")"
time="2022-05-19T00:15:19+07:00" level=debug msg="ILHAM TRIANA PUTRA accId:ObjectID(\"000000000000000000000012\")"
time="2022-05-19T00:15:19+07:00" level=debug msg="2-findIdxStd:SMAN 1 BANDUNG - KETM-ObjectID(\"60c1a70ad4ce347446b2f199\")-MUHAMMAD RAFFI NUR BAIHAQI - 0 - SMAN 1 BANDUNG - KETM - 6 - AcceptedStatus:0"
time="2022-05-19T00:15:19+07:00" level=debug msg="          >sec ori:4:MUHAMMAD RAFFI NUR BAIHAQI-MUHAMMAD RAFFI NUR BAIHAQI-ObjectID(\"60924c90004e4b003861893c\") - 2"
time="2022-05-19T00:15:19+07:00" level=debug msg="MUHAMMAD RAFFI NUR BAIHAQI-idx:2"
time="2022-05-19T00:15:19+07:00" level=debug msg="3-findIdxStd:SMAN 1 BANDUNG - KETM-ObjectID(\"60c2b993bfeba4064073457b\")-NENG AISYAH HANIFA - 0 - SMAN 1 BANDUNG - KETM - 7 - AcceptedStatus:0"
time="2022-05-19T00:15:19+07:00" level=debug msg="          >sec ori:4:NENG AISYAH HANIFA-NENG AISYAH HANIFA-ObjectID(\"60924c90004e4b00386189dc\") - 1"
time="2022-05-19T00:15:19+07:00" level=debug msg="NENG AISYAH HANIFA-idx:1"
time="2022-05-19T00:15:19+07:00" level=debug msg=afterSortByDistanceAndAge
time="2022-05-19T00:15:19+07:00" level=debug msg="ObjectID(\"60924c90004e4b00386189dc\") - SMAN 2 BANDUNG - KETM len.std:12 : q: 9 \n "
time="2022-05-19T00:15:19+07:00" level=debug msg="0:MUHAMAD RIDWAN - acc:0 distance1: 176.768 AccIdx: 0 AccId: ObjectID(\"60924c90004e4b00386189dc\")"
time="2022-05-19T00:15:19+07:00" level=debug msg="1:RINDRA GOESYANA PUTRA - acc:0 distance1: 271.224 AccIdx: 0 AccId: ObjectID(\"60924c90004e4b00386189dc\")"
time="2022-05-19T00:15:19+07:00" level=debug msg="2:VINKAN LESTARI - acc:0 distance1: 368.965 AccIdx: 0 AccId: ObjectID(\"60924c90004e4b00386189dc\")"
time="2022-05-19T00:15:19+07:00" level=debug msg="3:DJULIANSAH - acc:0 distance1: 545.806 AccIdx: 0 AccId: ObjectID(\"60924c90004e4b00386189dc\")"
time="2022-05-19T00:15:19+07:00" level=debug msg="4:RIVAN SOFANDI - acc:0 distance1: 720.685 AccIdx: 0 AccId: ObjectID(\"60924c90004e4b00386189dc\")"
time="2022-05-19T00:15:19+07:00" level=debug msg="5:ADAM HONEST - acc:0 distance1: 1021.789 AccIdx: 0 AccId: ObjectID(\"60924c90004e4b00386189dc\")"
time="2022-05-19T00:15:19+07:00" level=debug msg="6:WENDA APRILIANSYAH - acc:0 distance1: 1130.255 AccIdx: 0 AccId: ObjectID(\"60924c90004e4b00386189dc\")"
time="2022-05-19T00:15:19+07:00" level=debug msg="7:FETY HODIJAH - acc:0 distance1: 1429.075 AccIdx: 0 AccId: ObjectID(\"60924c90004e4b00386189dc\")"
time="2022-05-19T00:15:19+07:00" level=debug msg="8:RIZATI MARSA ISTIADZAH - acc:0 distance1: 1512.797 AccIdx: 0 AccId: ObjectID(\"60924c90004e4b00386189dc\")"
time="2022-05-19T00:15:19+07:00" level=debug msg="9:REYHAN ERLANGGA PUTRA SUDRAJAT - acc:0 distance1: 1808.098 AccIdx: 0 AccId: ObjectID(\"60924c90004e4b00386189dc\")"
time="2022-05-19T00:15:19+07:00" level=debug msg="10:DESI NABILA PUTRI - acc:0 distance1: 1961.207 AccIdx: 0 AccId: ObjectID(\"60924c90004e4b00386189dc\")"
time="2022-05-19T00:15:19+07:00" level=debug msg="11:NENG AISYAH HANIFA - acc:1 distance1: 20491.71 AccIdx: 1 AccId: ObjectID(\"60924c90004e4b00386189dc\")"
time="2022-05-19T00:15:19+07:00" level=debug msg="SMAN 2 BANDUNG - KETM NeedQuotaFirstOpt:3"
time="2022-05-19T00:15:19+07:00" level=debug msg="0-findIdxStd:SMAN 2 BANDUNG - KETM-ObjectID(\"60c1a8b9622b6ca50e7bbccd\")-REYHAN ERLANGGA PUTRA SUDRAJAT - 1 - SMAN 2 BANDUNG - KETM - 9 - AcceptedStatus:0"
time="2022-05-19T00:15:19+07:00" level=debug msg="          >sec ori:9:REYHAN ERLANGGA PUTRA SUDRAJAT-REYHAN ERLANGGA PUTRA SUDRAJAT-ObjectID(\"60924c90004e4b0038618a44\") - -1"
time="2022-05-19T00:15:19+07:00" level=debug msg="in if -1 idx:3-REYHAN ERLANGGA PUTRA SUDRAJAT-3 accId:ObjectID(\"000000000000000000000012\")"
time="2022-05-19T00:15:19+07:00" level=debug msg="YANI KARTIKA HAERUN NISA accId:ObjectID(\"000000000000000000000012\")"
time="2022-05-19T00:15:19+07:00" level=debug msg="ILHAM TRIANA PUTRA accId:ObjectID(\"000000000000000000000012\")"
time="2022-05-19T00:15:19+07:00" level=debug msg="REYHAN ERLANGGA PUTRA SUDRAJAT accId:ObjectID(\"000000000000000000000012\")"
time="2022-05-19T00:15:19+07:00" level=debug msg="1-findIdxStd:SMAN 2 BANDUNG - KETM-ObjectID(\"60c2c7fbaf4a8cb72962414c\")-DESI NABILA PUTRI - 1 - SMAN 2 BANDUNG - KETM - 10 - AcceptedStatus:0"
time="2022-05-19T00:15:19+07:00" level=debug msg="          >sec ori:9:DESI NABILA PUTRI-DESI NABILA PUTRI-ObjectID(\"60924c90004e4b0038618a14\") - 0"
time="2022-05-19T00:15:19+07:00" level=debug msg="DESI NABILA PUTRI-idx:0"
time="2022-05-19T00:15:19+07:00" level=debug msg="2-findIdxStd:SMAN 2 BANDUNG - KETM-ObjectID(\"60c2b993bfeba4064073457b\")-NENG AISYAH HANIFA - 0 - SMAN 1 BANDUNG - KETM - 7 - AcceptedStatus:1"
time="2022-05-19T00:15:19+07:00" level=debug msg="          >third ori:9:NENG AISYAH HANIFA-ObjectID(\"60924c90004e4b00386189dc\") - -1"
time="2022-05-19T00:15:19+07:00" level=debug msg="in if -1 idx:3-NENG AISYAH HANIFA-3 accId:ObjectID(\"000000000000000000000012\")"
time="2022-05-19T00:15:19+07:00" level=debug msg="YANI KARTIKA HAERUN NISA accId:ObjectID(\"000000000000000000000012\")"
time="2022-05-19T00:15:19+07:00" level=debug msg="ILHAM TRIANA PUTRA accId:ObjectID(\"000000000000000000000012\")"
time="2022-05-19T00:15:19+07:00" level=debug msg="REYHAN ERLANGGA PUTRA SUDRAJAT accId:ObjectID(\"000000000000000000000012\")"
time="2022-05-19T00:15:19+07:00" level=debug msg="NENG AISYAH HANIFA accId:ObjectID(\"000000000000000000000012\")"
time="2022-05-19T00:15:19+07:00" level=debug msg=afterSortByDistanceAndAge
time="2022-05-19T00:15:19+07:00" level=debug msg="ObjectID(\"60924c90004e4b003861893c\") - SMAN 6 BANDUNG - KETM len.std:7 : q: 4 \n "
time="2022-05-19T00:15:19+07:00" level=debug msg="0:HERIANSYAH SAEFUL - acc:0 distance1: 405.155 AccIdx: 0 AccId: ObjectID(\"60924c90004e4b003861893c\")"
time="2022-05-19T00:15:19+07:00" level=debug msg="1:CINDY HILMU AR RACHMA - acc:0 distance1: 771.822 AccIdx: 0 AccId: ObjectID(\"60924c90004e4b003861893c\")"
time="2022-05-19T00:15:19+07:00" level=debug msg="2:MUHAMMAD RAFFI NUR BAIHAQI - acc:1 distance1: 1562.129 AccIdx: 2 AccId: ObjectID(\"60924c90004e4b003861893c\")"
time="2022-05-19T00:15:19+07:00" level=debug msg="3:FAHRIL PUTRA RAKA PRATAMA - acc:0 distance1: 966.311 AccIdx: 0 AccId: ObjectID(\"60924c90004e4b003861893c\")"
time="2022-05-19T00:15:19+07:00" level=debug msg="4:LIA RODIYANAH - acc:0 distance1: 1191.4 AccIdx: 0 AccId: ObjectID(\"60924c90004e4b003861893c\")"
time="2022-05-19T00:15:19+07:00" level=debug msg="5:MUHAMAD FIKRIE L. I. NASTIYAR - acc:0 distance1: 1475.547 AccIdx: 0 AccId: ObjectID(\"60924c90004e4b003861893c\")"
time="2022-05-19T00:15:19+07:00" level=debug msg="6:FAJAR MOCHAMMAD SYIDHIQ - acc:0 distance1: 1475.547 AccIdx: 0 AccId: ObjectID(\"60924c90004e4b003861893c\")"
time="2022-05-19T00:15:19+07:00" level=debug msg="SMAN 6 BANDUNG - KETM NeedQuotaFirstOpt:3"
time="2022-05-19T00:15:19+07:00" level=debug msg="0-findIdxStd:SMAN 6 BANDUNG - KETM-ObjectID(\"60c195da9f8724ee40566367\")-LIA RODIYANAH - 2 - SMAN 6 BANDUNG - KETM - 3 - AcceptedStatus:0"
time="2022-05-19T00:15:19+07:00" level=debug msg="          >sec ori:4:LIA RODIYANAH-LIA RODIYANAH-ObjectID(\"000000000000000000000000\") - -1"
time="2022-05-19T00:15:19+07:00" level=debug msg="in if -1 idx:3-LIA RODIYANAH-3 accId:ObjectID(\"000000000000000000000012\")"
time="2022-05-19T00:15:19+07:00" level=debug msg="YANI KARTIKA HAERUN NISA accId:ObjectID(\"000000000000000000000012\")"
time="2022-05-19T00:15:19+07:00" level=debug msg="ILHAM TRIANA PUTRA accId:ObjectID(\"000000000000000000000012\")"
time="2022-05-19T00:15:19+07:00" level=debug msg="REYHAN ERLANGGA PUTRA SUDRAJAT accId:ObjectID(\"000000000000000000000012\")"
time="2022-05-19T00:15:19+07:00" level=debug msg="NENG AISYAH HANIFA accId:ObjectID(\"000000000000000000000012\")"
time="2022-05-19T00:15:19+07:00" level=debug msg="LIA RODIYANAH accId:ObjectID(\"000000000000000000000012\")"
time="2022-05-19T00:15:19+07:00" level=debug msg="1-findIdxStd:SMAN 6 BANDUNG - KETM-ObjectID(\"60c196e0f564f2047247fcc0\")-MUHAMAD FIKRIE L. I. NASTIYAR - 2 - SMAN 6 BANDUNG - KETM - 4 - AcceptedStatus:0"
time="2022-05-19T00:15:19+07:00" level=debug msg="          >sec ori:4:MUHAMAD FIKRIE L. I. NASTIYAR-MUHAMAD FIKRIE L. I. NASTIYAR-ObjectID(\"60924c90004e4b00386188cc\") - -1"
time="2022-05-19T00:15:19+07:00" level=debug msg="in if -1 idx:3-MUHAMAD FIKRIE L. I. NASTIYAR-3 accId:ObjectID(\"000000000000000000000012\")"
time="2022-05-19T00:15:19+07:00" level=debug msg="YANI KARTIKA HAERUN NISA accId:ObjectID(\"000000000000000000000012\")"
time="2022-05-19T00:15:19+07:00" level=debug msg="ILHAM TRIANA PUTRA accId:ObjectID(\"000000000000000000000012\")"
time="2022-05-19T00:15:19+07:00" level=debug msg="REYHAN ERLANGGA PUTRA SUDRAJAT accId:ObjectID(\"000000000000000000000012\")"
time="2022-05-19T00:15:19+07:00" level=debug msg="NENG AISYAH HANIFA accId:ObjectID(\"000000000000000000000012\")"
time="2022-05-19T00:15:19+07:00" level=debug msg="LIA RODIYANAH accId:ObjectID(\"000000000000000000000012\")"
time="2022-05-19T00:15:19+07:00" level=debug msg="MUHAMAD FIKRIE L. I. NASTIYAR accId:ObjectID(\"000000000000000000000012\")"
time="2022-05-19T00:15:19+07:00" level=debug msg="2-findIdxStd:SMAN 6 BANDUNG - KETM-ObjectID(\"60c2e80858f66e6bd9ad44f6\")-FAJAR MOCHAMMAD SYIDHIQ - 2 - SMAN 6 BANDUNG - KETM - 5 - AcceptedStatus:0"
time="2022-05-19T00:15:19+07:00" level=debug msg="          >sec ori:4:FAJAR MOCHAMMAD SYIDHIQ-FAJAR MOCHAMMAD SYIDHIQ-ObjectID(\"60924c90004e4b0038618a14\") - 0"
time="2022-05-19T00:15:19+07:00" level=debug msg="FAJAR MOCHAMMAD SYIDHIQ-idx:0"
time="2022-05-19T00:15:19+07:00" level=debug msg=afterSortByDistanceAndAge
time="2022-05-19T00:15:19+07:00" level=debug msg="ObjectID(\"60924c90004e4b0038618a14\") - SMAN 1 BANDUNG - KETM len.std:6 : q: 4 \n "
time="2022-05-19T00:15:19+07:00" level=debug msg="0:SITI HAFSHOH AMINAH - acc:0 distance1: 577.688 AccIdx: 0 AccId: ObjectID(\"60924c90004e4b0038618a14\")"
time="2022-05-19T00:15:19+07:00" level=debug msg="1:VIRLY AZZAHRA - acc:0 distance1: 751.532 AccIdx: 0 AccId: ObjectID(\"60924c90004e4b0038618a14\")"
time="2022-05-19T00:15:19+07:00" level=debug msg="2:FAJAR MOCHAMMAD SYIDHIQ - acc:1 distance1: 1475.547 AccIdx: 0 AccId: ObjectID(\"60924c90004e4b0038618a14\")"
time="2022-05-19T00:15:19+07:00" level=debug msg="3:MOCHAMMAD FAHMI HILABI - acc:0 distance1: 880.11 AccIdx: 0 AccId: ObjectID(\"60924c90004e4b0038618a14\")"
time="2022-05-19T00:15:19+07:00" level=debug msg="4:RAMA ALY AWALUDIN - acc:0 distance1: 1028.392 AccIdx: 0 AccId: ObjectID(\"60924c90004e4b0038618a14\")"
time="2022-05-19T00:15:19+07:00" level=debug msg="5:DESI NABILA PUTRI - acc:1 distance1: 1961.207 AccIdx: 0 AccId: ObjectID(\"60924c90004e4b0038618a14\")"
time="2022-05-19T00:15:19+07:00" level=debug msg="SMAN 1 BANDUNG - KETM NeedQuotaFirstOpt:4"
time="2022-05-19T00:15:19+07:00" level=debug msg="0-findIdxStd:SMAN 1 BANDUNG - KETM-ObjectID(\"60c19503f84a51247f636bf6\")-RAMA ALY AWALUDIN - 0 - SMAN 1 BANDUNG - KETM - 3 - AcceptedStatus:0"
time="2022-05-19T00:15:19+07:00" level=debug msg="          >sec ori:4:RAMA ALY AWALUDIN-RAMA ALY AWALUDIN-ObjectID(\"60924c90004e4b00386189d4\") - -1"
time="2022-05-19T00:15:19+07:00" level=debug msg="in if -1 idx:3-RAMA ALY AWALUDIN-3 accId:ObjectID(\"000000000000000000000012\")"
time="2022-05-19T00:15:19+07:00" level=debug msg="YANI KARTIKA HAERUN NISA accId:ObjectID(\"000000000000000000000012\")"
time="2022-05-19T00:15:19+07:00" level=debug msg="ILHAM TRIANA PUTRA accId:ObjectID(\"000000000000000000000012\")"
time="2022-05-19T00:15:19+07:00" level=debug msg="REYHAN ERLANGGA PUTRA SUDRAJAT accId:ObjectID(\"000000000000000000000012\")"
time="2022-05-19T00:15:19+07:00" level=debug msg="NENG AISYAH HANIFA accId:ObjectID(\"000000000000000000000012\")"
time="2022-05-19T00:15:19+07:00" level=debug msg="LIA RODIYANAH accId:ObjectID(\"000000000000000000000012\")"
time="2022-05-19T00:15:19+07:00" level=debug msg="MUHAMAD FIKRIE L. I. NASTIYAR accId:ObjectID(\"000000000000000000000012\")"
time="2022-05-19T00:15:19+07:00" level=debug msg="RAMA ALY AWALUDIN accId:ObjectID(\"000000000000000000000012\")"
time="2022-05-19T00:15:19+07:00" level=debug msg="1-findIdxStd:SMAN 1 BANDUNG - KETM-ObjectID(\"60c2c7fbaf4a8cb72962414c\")-DESI NABILA PUTRI - 1 - SMAN 2 BANDUNG - KETM - 10 - AcceptedStatus:1"
time="2022-05-19T00:15:19+07:00" level=debug msg="          >third ori:4:DESI NABILA PUTRI-ObjectID(\"60924c90004e4b0038618a14\") - 2"
time="2022-05-19T00:15:19+07:00" level=debug msg="DESI NABILA PUTRI-idx:2"
time="2022-05-19T00:15:19+07:00" level=debug msg=afterSortByDistanceAndAge
time="2022-05-19T00:15:19+07:00" level=debug msg="ObjectID(\"60924c90004e4b003861893c\") - SMAN 6 BANDUNG - KETM len.std:5 : q: 4 \n "
time="2022-05-19T00:15:19+07:00" level=debug msg="0:HERIANSYAH SAEFUL - acc:0 distance1: 405.155 AccIdx: 0 AccId: ObjectID(\"60924c90004e4b003861893c\")"
time="2022-05-19T00:15:19+07:00" level=debug msg="1:CINDY HILMU AR RACHMA - acc:0 distance1: 771.822 AccIdx: 0 AccId: ObjectID(\"60924c90004e4b003861893c\")"
time="2022-05-19T00:15:19+07:00" level=debug msg="2:MUHAMMAD RAFFI NUR BAIHAQI - acc:1 distance1: 1562.129 AccIdx: 2 AccId: ObjectID(\"60924c90004e4b003861893c\")"
time="2022-05-19T00:15:19+07:00" level=debug msg="3:FAHRIL PUTRA RAKA PRATAMA - acc:0 distance1: 966.311 AccIdx: 0 AccId: ObjectID(\"60924c90004e4b003861893c\")"
time="2022-05-19T00:15:19+07:00" level=debug msg="4:DESI NABILA PUTRI - acc:2 distance1: 1961.207 AccIdx: 2 AccId: ObjectID(\"60924c90004e4b003861893c\")"
time="2022-05-19T00:15:19+07:00" level=debug msg="SMAN 6 BANDUNG - KETM NeedQuotaFirstOpt:3"
time="2022-05-19T00:15:19+07:00" level=debug msg="0-findIdxStd:SMAN 6 BANDUNG - KETM-ObjectID(\"60c2c7fbaf4a8cb72962414c\")-DESI NABILA PUTRI - 1 - SMAN 2 BANDUNG - KETM - 10 - AcceptedStatus:2"
time="2022-05-19T00:15:19+07:00" level=debug msg="in if -1 idx:3-DESI NABILA PUTRI-3 accId:ObjectID(\"000000000000000000000012\")"
time="2022-05-19T00:15:19+07:00" level=debug msg="YANI KARTIKA HAERUN NISA accId:ObjectID(\"000000000000000000000012\")"
time="2022-05-19T00:15:19+07:00" level=debug msg="ILHAM TRIANA PUTRA accId:ObjectID(\"000000000000000000000012\")"
time="2022-05-19T00:15:19+07:00" level=debug msg="REYHAN ERLANGGA PUTRA SUDRAJAT accId:ObjectID(\"000000000000000000000012\")"
time="2022-05-19T00:15:19+07:00" level=debug msg="NENG AISYAH HANIFA accId:ObjectID(\"000000000000000000000012\")"
time="2022-05-19T00:15:19+07:00" level=debug msg="LIA RODIYANAH accId:ObjectID(\"000000000000000000000012\")"
time="2022-05-19T00:15:19+07:00" level=debug msg="MUHAMAD FIKRIE L. I. NASTIYAR accId:ObjectID(\"000000000000000000000012\")"
time="2022-05-19T00:15:19+07:00" level=debug msg="RAMA ALY AWALUDIN accId:ObjectID(\"000000000000000000000012\")"
time="2022-05-19T00:15:19+07:00" level=debug msg="DESI NABILA PUTRI accId:ObjectID(\"000000000000000000000012\")"
time="2022-05-19T00:15:19+07:00" level=info msg="aft getFiltered"
time="2022-05-19T00:15:19+07:00" level=info msg="close messages"
time="2022-05-19T00:15:19+07:00" level=info msg=Filter2OptionsShareQuota
time="2022-05-19T00:15:19+07:00" level=info msg="end getFiltered"
time="2022-05-19T00:15:19+07:00" level=info msg="go done getFiltered"
time="2022-05-19T00:15:19+07:00" level=info msg="go done getFiltered"
time="2022-05-19T00:15:19+07:00" level=info msg="bef getFiltered:"
time="2022-05-19T00:15:19+07:00" level=debug msg=afterSortByDistanceAndAge
time="2022-05-19T00:15:19+07:00" level=debug msg="ObjectID(\"60924c90004e4b0038618a15\") - SMAN 1 BANDUNG - KONDISI TERTENTU len.std:7 : q: 12 \n "
time="2022-05-19T00:15:19+07:00" level=debug msg="0:STEFANUS TJANDRA BUANA - acc:0 distance1: 1568.766 AccIdx: 0 AccId: ObjectID(\"60924c90004e4b0038618a15\")"
time="2022-05-19T00:15:19+07:00" level=debug msg="1:DELVIN KHAYRU ADINEGARA - acc:0 distance1: 1680.441 AccIdx: 0 AccId: ObjectID(\"60924c90004e4b0038618a15\")"
time="2022-05-19T00:15:19+07:00" level=debug msg="2:NAZWA NAYLA SYIFA  ROSSANO - acc:0 distance1: 2947.439 AccIdx: 0 AccId: ObjectID(\"60924c90004e4b0038618a15\")"
time="2022-05-19T00:15:19+07:00" level=debug msg="3:WIDAD NASYWAA ZANTY - acc:0 distance1: 3722.871 AccIdx: 0 AccId: ObjectID(\"60924c90004e4b0038618a15\")"
time="2022-05-19T00:15:19+07:00" level=debug msg="4:ARIF SULAIMAN - acc:0 distance1: 4485.335 AccIdx: 0 AccId: ObjectID(\"60924c90004e4b0038618a15\")"
time="2022-05-19T00:15:19+07:00" level=debug msg="5:LUMBANTORUAN, DANIEL JONATHAN ABRAHAM - acc:0 distance1: 5688.694 AccIdx: 0 AccId: ObjectID(\"60924c90004e4b0038618a15\")"
time="2022-05-19T00:15:19+07:00" level=debug msg="6:ARZETHA CHEALSE YUDHA HARDIANTO - acc:0 distance1: 14874.139 AccIdx: 0 AccId: ObjectID(\"60924c90004e4b0038618a15\")"
time="2022-05-19T00:15:19+07:00" level=debug msg=afterSortByDistanceAndAge
time="2022-05-19T00:15:19+07:00" level=debug msg="ObjectID(\"60924c90004e4b00386189dd\") - SMAN 2 BANDUNG - KONDISI TERTENTU len.std:17 : q: 17 \n "
time="2022-05-19T00:15:19+07:00" level=debug msg="0:FALYA SITI FAUZIA - acc:0 distance1: 234.279 AccIdx: 0 AccId: ObjectID(\"60924c90004e4b00386189dd\")"
time="2022-05-19T00:15:19+07:00" level=debug msg="1:MUHAMMAD PRAMUDYA DIPTA - acc:0 distance1: 329.063 AccIdx: 0 AccId: ObjectID(\"60924c90004e4b00386189dd\")"
time="2022-05-19T00:15:19+07:00" level=debug msg="2:FARHAN AGUSTIANSYAH - acc:0 distance1: 692.931 AccIdx: 0 AccId: ObjectID(\"60924c90004e4b00386189dd\")"
time="2022-05-19T00:15:19+07:00" level=debug msg="3:SAAJIDAH HIDAYATULLAH - acc:0 distance1: 997.841 AccIdx: 0 AccId: ObjectID(\"60924c90004e4b00386189dd\")"
time="2022-05-19T00:15:19+07:00" level=debug msg="4:ADITYA HIDAYATULLOH - acc:0 distance1: 1134.902 AccIdx: 0 AccId: ObjectID(\"60924c90004e4b00386189dd\")"
time="2022-05-19T00:15:19+07:00" level=debug msg="5:AULIA AZ-ZAHRA - acc:0 distance1: 1266.219 AccIdx: 0 AccId: ObjectID(\"60924c90004e4b00386189dd\")"
time="2022-05-19T00:15:19+07:00" level=debug msg="6:ZULFA RIDHO ROBBANI - acc:0 distance1: 1403.818 AccIdx: 0 AccId: ObjectID(\"60924c90004e4b00386189dd\")"
time="2022-05-19T00:15:19+07:00" level=debug msg="7:HEJIRA AZARIA RACHMI - acc:0 distance1: 1446.85 AccIdx: 0 AccId: ObjectID(\"60924c90004e4b00386189dd\")"
time="2022-05-19T00:15:19+07:00" level=debug msg="8:NASYIFAH KHAIRUNNISA ARIYANTO - acc:0 distance1: 1489.684 AccIdx: 0 AccId: ObjectID(\"60924c90004e4b00386189dd\")"
time="2022-05-19T00:15:19+07:00" level=debug msg="9:NAILA NURUL ALMA - acc:0 distance1: 1878.867 AccIdx: 0 AccId: ObjectID(\"60924c90004e4b00386189dd\")"
time="2022-05-19T00:15:19+07:00" level=debug msg="10:KHAIRUNISA NAILA MUMTAZ MAHMUDI - acc:0 distance1: 2436.825 AccIdx: 0 AccId: ObjectID(\"60924c90004e4b00386189dd\")"
time="2022-05-19T00:15:19+07:00" level=debug msg="11:REVALDI BATHYANSYAH BAHROMAN - acc:0 distance1: 2604.428 AccIdx: 0 AccId: ObjectID(\"60924c90004e4b00386189dd\")"
time="2022-05-19T00:15:19+07:00" level=debug msg="12:ADILA ANADIVA - acc:0 distance1: 3119.098 AccIdx: 0 AccId: ObjectID(\"60924c90004e4b00386189dd\")"
time="2022-05-19T00:15:19+07:00" level=debug msg="13:MUHAMMAD FIRZY RAYN RUSFYANDI - acc:0 distance1: 3232.818 AccIdx: 0 AccId: ObjectID(\"60924c90004e4b00386189dd\")"
time="2022-05-19T00:15:19+07:00" level=debug msg="14:CHRISTOPHER SHILO WRESNIWIRA SURYA - acc:0 distance1: 3245.799 AccIdx: 0 AccId: ObjectID(\"60924c90004e4b00386189dd\")"
time="2022-05-19T00:15:19+07:00" level=debug msg="15:SYAFI GYANESWAR HARSHAVARDANA - acc:0 distance1: 3606.852 AccIdx: 0 AccId: ObjectID(\"60924c90004e4b00386189dd\")"
time="2022-05-19T00:15:19+07:00" level=debug msg="16:RHEGIASYA SANIA RIZKHIKA - acc:0 distance1: 3846.585 AccIdx: 0 AccId: ObjectID(\"60924c90004e4b00386189dd\")"
time="2022-05-19T00:15:19+07:00" level=debug msg=afterSortByDistanceAndAge
time="2022-05-19T00:15:19+07:00" level=debug msg="ObjectID(\"60924c90004e4b003861893d\") - SMAN 6 BANDUNG - KONDISI TERTENTU len.std:1 : q: 3 \n "
time="2022-05-19T00:15:19+07:00" level=debug msg="0:DIVA LAILA SALMA ZAHARA - acc:0 distance1: 1256.786 AccIdx: 0 AccId: ObjectID(\"60924c90004e4b003861893d\")"
time="2022-05-19T00:15:19+07:00" level=info msg="aft getFiltered"
time="2022-05-19T00:15:19+07:00" level=info msg="close messages"
time="2022-05-19T00:15:19+07:00" level=info msg="===========================need quota=============================="
time="2022-05-19T00:15:19+07:00" level=debug msg="0-ObjectID(\"60924c90004e4b0038618a14\") - SMAN 1 BANDUNG - KETM - q:4 - Need:4 - Added:0"
time="2022-05-19T00:15:19+07:00" level=debug msg="sisaQuota:5"
time="2022-05-19T00:15:19+07:00" level=debug msg="sisaQuota:5 - NeedQuotaFirstOpt:4"
time="2022-05-19T00:15:19+07:00" level=debug msg="currTargetIdxOpt:0"
time="2022-05-19T00:15:19+07:00" level=debug msg="Yg tidak diterima !=:ObjectID(\"60c19503f84a51247f636bf6\") - RAMA ALY AWALUDIN - AccStatus:3 - targetIdxOpt:3 - TargetIdxStd:6"
time="2022-05-19T00:15:19+07:00" level=debug msg="Yg tidak diterima !=:ObjectID(\"60c18d47348dbb52c27e0e15\") - YANI KARTIKA HAERUN NISA - AccStatus:3 - targetIdxOpt:3 - TargetIdxStd:0"
time="2022-05-19T00:15:19+07:00" level=debug msg="Yg tidak diterima !=:ObjectID(\"60c2d1e3bf58ef1d4b652c14\") - ILHAM TRIANA PUTRA - AccStatus:3 - targetIdxOpt:3 - TargetIdxStd:0"
time="2022-05-19T00:15:19+07:00" level=debug msg="Yg tidak diterima !=:ObjectID(\"60c1a70ad4ce347446b2f199\") - MUHAMMAD RAFFI NUR BAIHAQI - AccStatus:1 - targetIdxOpt:2 - TargetIdxStd:2"
time="2022-05-19T00:15:19+07:00" level=debug msg="Yg tidak diterima !=:ObjectID(\"60c2b993bfeba4064073457b\") - NENG AISYAH HANIFA - AccStatus:3 - targetIdxOpt:3 - TargetIdxStd:1"
time="2022-05-19T00:15:19+07:00" level=debug msg="shifting name :MUHAMMAD RAFFI NUR BAIHAQI"
time="2022-05-19T00:15:19+07:00" level=debug msg="optIdxFirstChoice:SMAN 1 BANDUNG - KETM stdIdx:6"
time="2022-05-19T00:15:19+07:00" level=debug msg="shifting name :NENG AISYAH HANIFA"
time="2022-05-19T00:15:19+07:00" level=debug msg="optIdxFirstChoice:SMAN 1 BANDUNG - KETM stdIdx:7"
time="2022-05-19T00:15:19+07:00" level=debug msg="shifting name :DESI NABILA PUTRI"
time="2022-05-19T00:15:19+07:00" level=debug msg="optIdxFirstChoice:SMAN 2 BANDUNG - KETM stdIdx:10"
time="2022-05-19T00:15:19+07:00" level=debug msg="levelAcc:1"
time="2022-05-19T00:15:19+07:00" level=debug msg="nextTargetIdxOpt.len:4"
time="2022-05-19T00:15:19+07:00" level=debug msg="nextTargetIdxOpt:3 TemporarySMAKetm targetIdxStd:3"
time="2022-05-19T00:15:19+07:00" level=debug msg="currTargetIdxOpt:2"
time="2022-05-19T00:15:19+07:00" level=debug msg="Yg tidak diterima !=:ObjectID(\"60c195da9f8724ee40566367\") - LIA RODIYANAH - AccStatus:3 - targetIdxOpt:3 - TargetIdxStd:1"
time="2022-05-19T00:15:19+07:00" level=debug msg="Yg tidak diterima !=:ObjectID(\"60c196e0f564f2047247fcc0\") - MUHAMAD FIKRIE L. I. NASTIYAR - AccStatus:3 - targetIdxOpt:3 - TargetIdxStd:1"
time="2022-05-19T00:15:19+07:00" level=debug msg="Yg tidak diterima !=:ObjectID(\"60c2e80858f66e6bd9ad44f6\") - FAJAR MOCHAMMAD SYIDHIQ - AccStatus:1 - targetIdxOpt:0 - TargetIdxStd:2"
time="2022-05-19T00:15:19+07:00" level=debug msg="shifting name :FAJAR MOCHAMMAD SYIDHIQ"
time="2022-05-19T00:15:19+07:00" level=debug msg="optIdxFirstChoice:SMAN 6 BANDUNG - KETM stdIdx:5"
time="2022-05-19T00:15:19+07:00" level=debug msg="currTargetIdxOpt:0"
time="2022-05-19T00:15:19+07:00" level=debug msg="shifting name :MUHAMMAD RAFFI NUR BAIHAQI"
time="2022-05-19T00:15:19+07:00" level=debug msg="optIdxFirstChoice:SMAN 1 BANDUNG - KETM stdIdx:6"
time="2022-05-19T00:15:19+07:00" level=debug msg="shifting name :NENG AISYAH HANIFA"
time="2022-05-19T00:15:19+07:00" level=debug msg="optIdxFirstChoice:SMAN 1 BANDUNG - KETM stdIdx:7"
time="2022-05-19T00:15:19+07:00" level=debug msg="shifting name :DESI NABILA PUTRI"
time="2022-05-19T00:15:19+07:00" level=debug msg="optIdxFirstChoice:SMAN 2 BANDUNG - KETM stdIdx:10"
time="2022-05-19T00:15:19+07:00" level=debug msg="1-ObjectID(\"60924c90004e4b00386189dc\") - SMAN 2 BANDUNG - KETM - q:9 - Need:3 - Added:0"
time="2022-05-19T00:15:19+07:00" level=debug msg="sisaQuota:0"
time="2022-05-19T00:15:19+07:00" level=debug msg="2-ObjectID(\"60924c90004e4b003861893c\") - SMAN 6 BANDUNG - KETM - q:4 - Need:3 - Added:0"
time="2022-05-19T00:15:19+07:00" level=debug msg="sisaQuota:2"
time="2022-05-19T00:15:19+07:00" level=debug msg="targetType.quota:1"
time="2022-05-19T00:15:19+07:00" level=debug msg="currTargetIdxOpt:2"
time="2022-05-19T00:15:19+07:00" level=debug msg="shifting name :FAJAR MOCHAMMAD SYIDHIQ"
time="2022-05-19T00:15:19+07:00" level=debug msg="optIdxFirstChoice:SMAN 6 BANDUNG - KETM stdIdx:5"
time="2022-05-19T00:15:19+07:00" level=debug msg="3-ObjectID(\"000000000000000000000012\") - TemporarySMAKetm - q:0 - Need:0 - Added:0"
time="2022-05-19T00:15:19+07:00" level=debug msg="optionType1:ketm"
time="2022-05-19T00:15:19+07:00" level=debug msg="0-ObjectID(\"60924c90004e4b0038618a14\") - SMAN 1 BANDUNG - KETM : q: 8 : p: 9 - needQuota:0 - AddQuota:4"
time="2022-05-19T00:15:19+07:00" level=debug msg="1-ObjectID(\"60924c90004e4b00386189dc\") - SMAN 2 BANDUNG - KETM : q: 9 : p: 9 - needQuota:3 - AddQuota:0"
time="2022-05-19T00:15:19+07:00" level=debug msg="2-ObjectID(\"60924c90004e4b003861893c\") - SMAN 6 BANDUNG - KETM : q: 6 : p: 6 - needQuota:1 - AddQuota:2"
time="2022-05-19T00:15:19+07:00" level=debug msg="3-ObjectID(\"000000000000000000000012\") - TemporarySMAKetm : q: 0 : p: 1 - needQuota:0 - AddQuota:0"
time="2022-05-19T00:15:19+07:00" level=debug msg="optionType2:kondisi-tertentu"
time="2022-05-19T00:15:19+07:00" level=debug msg="0-ObjectID(\"60924c90004e4b0038618a15\") - SMAN 1 BANDUNG - KONDISI TERTENTU : q: 8 : p: 7 - needQuota:0 - AddQuota:0"
time="2022-05-19T00:15:19+07:00" level=debug msg="1-ObjectID(\"60924c90004e4b00386189dd\") - SMAN 2 BANDUNG - KONDISI TERTENTU : q: 17 : p: 17 - needQuota:0 - AddQuota:0"
time="2022-05-19T00:15:19+07:00" level=debug msg="2-ObjectID(\"60924c90004e4b003861893d\") - SMAN 6 BANDUNG - KONDISI TERTENTU : q: 1 : p: 1 - needQuota:0 - AddQuota:0"
time="2022-05-19T00:15:19+07:00" level=debug msg="3-ObjectID(\"000000000000000000000013\") - TemporarySMAKondisiTertentu : q: 0 : p: 0 - needQuota:0 - AddQuota:0"
time="2022-05-19T00:15:19+07:00" level=info msg="===========================need quota=============================="
time="2022-05-19T00:15:19+07:00" level=debug msg="0-ObjectID(\"60924c90004e4b0038618a15\") - SMAN 1 BANDUNG - KONDISI TERTENTU - q:8 - Need:0 - Added:0"
time="2022-05-19T00:15:19+07:00" level=debug msg="1-ObjectID(\"60924c90004e4b00386189dd\") - SMAN 2 BANDUNG - KONDISI TERTENTU - q:17 - Need:0 - Added:0"
time="2022-05-19T00:15:19+07:00" level=debug msg="2-ObjectID(\"60924c90004e4b003861893d\") - SMAN 6 BANDUNG - KONDISI TERTENTU - q:1 - Need:0 - Added:0"
time="2022-05-19T00:15:19+07:00" level=debug msg="3-ObjectID(\"000000000000000000000013\") - TemporarySMAKondisiTertentu - q:0 - Need:0 - Added:0"
time="2022-05-19T00:15:19+07:00" level=debug msg="optionType1:kondisi-tertentu"
time="2022-05-19T00:15:19+07:00" level=debug msg="0-ObjectID(\"60924c90004e4b0038618a15\") - SMAN 1 BANDUNG - KONDISI TERTENTU : q: 8 : p: 7 - needQuota:0 - AddQuota:0"
time="2022-05-19T00:15:19+07:00" level=debug msg="1-ObjectID(\"60924c90004e4b00386189dd\") - SMAN 2 BANDUNG - KONDISI TERTENTU : q: 17 : p: 17 - needQuota:0 - AddQuota:0"
time="2022-05-19T00:15:19+07:00" level=debug msg="2-ObjectID(\"60924c90004e4b003861893d\") - SMAN 6 BANDUNG - KONDISI TERTENTU : q: 1 : p: 1 - needQuota:0 - AddQuota:0"
time="2022-05-19T00:15:19+07:00" level=debug msg="3-ObjectID(\"000000000000000000000013\") - TemporarySMAKondisiTertentu : q: 0 : p: 0 - needQuota:0 - AddQuota:0"
time="2022-05-19T00:15:19+07:00" level=debug msg="optionType2:ketm"
time="2022-05-19T00:15:19+07:00" level=debug msg="0-ObjectID(\"60924c90004e4b0038618a14\") - SMAN 1 BANDUNG - KETM : q: 8 : p: 9 - needQuota:0 - AddQuota:4"
time="2022-05-19T00:15:19+07:00" level=debug msg="1-ObjectID(\"60924c90004e4b00386189dc\") - SMAN 2 BANDUNG - KETM : q: 9 : p: 9 - needQuota:3 - AddQuota:0"
time="2022-05-19T00:15:19+07:00" level=debug msg="2-ObjectID(\"60924c90004e4b003861893c\") - SMAN 6 BANDUNG - KETM : q: 6 : p: 6 - needQuota:1 - AddQuota:2"
time="2022-05-19T00:15:19+07:00" level=debug msg="3-ObjectID(\"000000000000000000000012\") - TemporarySMAKetm : q: 0 : p: 1 - needQuota:0 - AddQuota:0"
time="2022-05-19T00:15:19+07:00" level=info msg=Filter2OptionsShareQuota
time="2022-05-19T00:15:19+07:00" level=info msg="end getFiltered"
time="2022-05-19T00:15:19+07:00" level=info msg="go done getFiltered"
time="2022-05-19T00:15:19+07:00" level=info msg="go done getFiltered"
time="2022-05-19T00:15:19+07:00" level=info msg="bef getFiltered:"
time="2022-05-19T00:15:19+07:00" level=debug msg=afterSortByDistanceAndAge
time="2022-05-19T00:15:19+07:00" level=debug msg="ObjectID(\"60924c90004e4b0038618a14\") - SMAN 1 BANDUNG - KETM len.std:9 : q: 8 \n "
time="2022-05-19T00:15:19+07:00" level=debug msg="0:SITI HAFSHOH AMINAH - acc:0 distance1: 577.688 AccIdx: 0 AccId: ObjectID(\"60924c90004e4b0038618a14\")"
time="2022-05-19T00:15:19+07:00" level=debug msg="1:VIRLY AZZAHRA - acc:0 distance1: 751.532 AccIdx: 0 AccId: ObjectID(\"60924c90004e4b0038618a14\")"
time="2022-05-19T00:15:19+07:00" level=debug msg="2:MOCHAMMAD FAHMI HILABI - acc:0 distance1: 880.11 AccIdx: 0 AccId: ObjectID(\"60924c90004e4b0038618a14\")"
time="2022-05-19T00:15:19+07:00" level=debug msg="3:RAMA ALY AWALUDIN - acc:0 distance1: 1028.392 AccIdx: 0 AccId: ObjectID(\"60924c90004e4b0038618a14\")"
time="2022-05-19T00:15:19+07:00" level=debug msg="4:YANI KARTIKA HAERUN NISA - acc:0 distance1: 1327.879 AccIdx: 0 AccId: ObjectID(\"60924c90004e4b0038618a14\")"
time="2022-05-19T00:15:19+07:00" level=debug msg="5:ILHAM TRIANA PUTRA - acc:0 distance1: 1374.903 AccIdx: 0 AccId: ObjectID(\"60924c90004e4b0038618a14\")"
time="2022-05-19T00:15:19+07:00" level=debug msg="6:MUHAMMAD RAFFI NUR BAIHAQI - acc:0 distance1: 1562.129 AccIdx: 0 AccId: ObjectID(\"60924c90004e4b0038618a14\")"
time="2022-05-19T00:15:19+07:00" level=debug msg="7:DESI NABILA PUTRI - acc:1 distance1: 1961.207 AccIdx: 0 AccId: ObjectID(\"60924c90004e4b0038618a14\")"
time="2022-05-19T00:15:19+07:00" level=debug msg="8:NENG AISYAH HANIFA - acc:0 distance1: 20491.71 AccIdx: 0 AccId: ObjectID(\"60924c90004e4b0038618a14\")"
time="2022-05-19T00:15:19+07:00" level=debug msg="SMAN 1 BANDUNG - KETM NeedQuotaFirstOpt:1"
time="2022-05-19T00:15:19+07:00" level=debug msg="0-findIdxStd:SMAN 1 BANDUNG - KETM-ObjectID(\"60c2b993bfeba4064073457b\")-NENG AISYAH HANIFA - 0 - SMAN 1 BANDUNG - KETM - 7 - AcceptedStatus:0"
time="2022-05-19T00:15:19+07:00" level=debug msg="          >sec ori:8:NENG AISYAH HANIFA-NENG AISYAH HANIFA-ObjectID(\"60924c90004e4b00386189dc\") - 1"
time="2022-05-19T00:15:19+07:00" level=debug msg="NENG AISYAH HANIFA-idx:1"
time="2022-05-19T00:15:19+07:00" level=debug msg=afterSortByDistanceAndAge
time="2022-05-19T00:15:19+07:00" level=debug msg="ObjectID(\"60924c90004e4b00386189dc\") - SMAN 2 BANDUNG - KETM len.std:10 : q: 9 \n "
time="2022-05-19T00:15:19+07:00" level=debug msg="0:MUHAMAD RIDWAN - acc:0 distance1: 176.768 AccIdx: 0 AccId: ObjectID(\"60924c90004e4b00386189dc\")"
time="2022-05-19T00:15:19+07:00" level=debug msg="1:RINDRA GOESYANA PUTRA - acc:0 distance1: 271.224 AccIdx: 0 AccId: ObjectID(\"60924c90004e4b00386189dc\")"
time="2022-05-19T00:15:19+07:00" level=debug msg="2:VINKAN LESTARI - acc:0 distance1: 368.965 AccIdx: 0 AccId: ObjectID(\"60924c90004e4b00386189dc\")"
time="2022-05-19T00:15:19+07:00" level=debug msg="3:DJULIANSAH - acc:0 distance1: 545.806 AccIdx: 0 AccId: ObjectID(\"60924c90004e4b00386189dc\")"
time="2022-05-19T00:15:19+07:00" level=debug msg="4:RIVAN SOFANDI - acc:0 distance1: 720.685 AccIdx: 0 AccId: ObjectID(\"60924c90004e4b00386189dc\")"
time="2022-05-19T00:15:19+07:00" level=debug msg="5:ADAM HONEST - acc:0 distance1: 1021.789 AccIdx: 0 AccId: ObjectID(\"60924c90004e4b00386189dc\")"
time="2022-05-19T00:15:19+07:00" level=debug msg="6:WENDA APRILIANSYAH - acc:0 distance1: 1130.255 AccIdx: 0 AccId: ObjectID(\"60924c90004e4b00386189dc\")"
time="2022-05-19T00:15:19+07:00" level=debug msg="7:FETY HODIJAH - acc:0 distance1: 1429.075 AccIdx: 0 AccId: ObjectID(\"60924c90004e4b00386189dc\")"
time="2022-05-19T00:15:19+07:00" level=debug msg="8:RIZATI MARSA ISTIADZAH - acc:0 distance1: 1512.797 AccIdx: 0 AccId: ObjectID(\"60924c90004e4b00386189dc\")"
time="2022-05-19T00:15:19+07:00" level=debug msg="9:NENG AISYAH HANIFA - acc:1 distance1: 20491.71 AccIdx: 1 AccId: ObjectID(\"60924c90004e4b00386189dc\")"
time="2022-05-19T00:15:19+07:00" level=debug msg="SMAN 2 BANDUNG - KETM NeedQuotaFirstOpt:3"
time="2022-05-19T00:15:19+07:00" level=debug msg="0-findIdxStd:SMAN 2 BANDUNG - KETM-ObjectID(\"60c2b993bfeba4064073457b\")-NENG AISYAH HANIFA - 0 - SMAN 1 BANDUNG - KETM - 7 - AcceptedStatus:1"
time="2022-05-19T00:15:19+07:00" level=debug msg="          >third ori:9:NENG AISYAH HANIFA-ObjectID(\"60924c90004e4b00386189dc\") - -1"
time="2022-05-19T00:15:19+07:00" level=debug msg="in if -1 idx:3-NENG AISYAH HANIFA-3 accId:ObjectID(\"000000000000000000000012\")"
time="2022-05-19T00:15:19+07:00" level=debug msg="REYHAN ERLANGGA PUTRA SUDRAJAT accId:ObjectID(\"000000000000000000000012\")"
time="2022-05-19T00:15:19+07:00" level=debug msg="NENG AISYAH HANIFA accId:ObjectID(\"000000000000000000000012\")"
time="2022-05-19T00:15:19+07:00" level=debug msg=afterSortByDistanceAndAge
time="2022-05-19T00:15:19+07:00" level=debug msg="ObjectID(\"60924c90004e4b003861893c\") - SMAN 6 BANDUNG - KETM len.std:6 : q: 6 \n "
time="2022-05-19T00:15:19+07:00" level=debug msg="0:HERIANSYAH SAEFUL - acc:0 distance1: 405.155 AccIdx: 0 AccId: ObjectID(\"60924c90004e4b003861893c\")"
time="2022-05-19T00:15:19+07:00" level=debug msg="1:CINDY HILMU AR RACHMA - acc:0 distance1: 771.822 AccIdx: 0 AccId: ObjectID(\"60924c90004e4b003861893c\")"
time="2022-05-19T00:15:19+07:00" level=debug msg="2:FAHRIL PUTRA RAKA PRATAMA - acc:0 distance1: 966.311 AccIdx: 0 AccId: ObjectID(\"60924c90004e4b003861893c\")"
time="2022-05-19T00:15:19+07:00" level=debug msg="3:LIA RODIYANAH - acc:0 distance1: 1191.4 AccIdx: 2 AccId: ObjectID(\"60924c90004e4b003861893c\")"
time="2022-05-19T00:15:19+07:00" level=debug msg="4:MUHAMAD FIKRIE L. I. NASTIYAR - acc:0 distance1: 1475.547 AccIdx: 2 AccId: ObjectID(\"60924c90004e4b003861893c\")"
time="2022-05-19T00:15:19+07:00" level=debug msg="5:FAJAR MOCHAMMAD SYIDHIQ - acc:0 distance1: 1475.547 AccIdx: 2 AccId: ObjectID(\"60924c90004e4b003861893c\")"
time="2022-05-19T00:15:19+07:00" level=info msg="aft getFiltered"
time="2022-05-19T00:15:19+07:00" level=info msg="close messages"
time="2022-05-19T00:15:19+07:00" level=info msg=Filter2OptionsShareQuota
time="2022-05-19T00:15:19+07:00" level=info msg="end getFiltered"
time="2022-05-19T00:15:19+07:00" level=info msg="go done getFiltered"
time="2022-05-19T00:15:19+07:00" level=info msg="go done getFiltered"
time="2022-05-19T00:15:19+07:00" level=info msg="bef getFiltered:"
time="2022-05-19T00:15:19+07:00" level=info msg="aft getFiltered"
time="2022-05-19T00:15:19+07:00" level=info msg="close messages"
time="2022-05-19T00:15:19+07:00" level=info msg=Filter1Options
time="2022-05-19T00:15:19+07:00" level=info msg="end getFiltered"
time="2022-05-19T00:15:19+07:00" level=info msg="go done getFiltered abk"
time="2022-05-19T00:15:19+07:00" level=info msg="go done getFiltered"
time="2022-05-19T00:15:19+07:00" level=info msg="bef getFiltered:"
time="2022-05-19T00:15:19+07:00" level=info msg="aft getFiltered"
time="2022-05-19T00:15:19+07:00" level=info msg="close messages"
time="2022-05-19T00:15:19+07:00" level=info msg=Filter2OptionsShareQuota
time="2022-05-19T00:15:19+07:00" level=info msg="end getFiltered"
time="2022-05-19T00:15:19+07:00" level=info msg="go done getFiltered"
time="2022-05-19T00:15:19+07:00" level=info msg="go done getFiltered"
time="2022-05-19T00:15:19+07:00" level=info msg="bef getFiltered:"
time="2022-05-19T00:15:19+07:00" level=info msg="aft getFiltered"
time="2022-05-19T00:15:19+07:00" level=info msg="close messages"
time="2022-05-19T00:15:19+07:00" level=info msg=Filter2OptionsShareQuota
time="2022-05-19T00:15:19+07:00" level=info msg="end getFiltered"
time="2022-05-19T00:15:19+07:00" level=info msg="go done getFiltered"
time="2022-05-19T00:15:19+07:00" level=info msg="go done getFiltered"
time="2022-05-19T00:15:19+07:00" level=info msg="bef getFiltered:"
time="2022-05-19T00:15:19+07:00" level=info msg="aft getFiltered"
time="2022-05-19T00:15:19+07:00" level=info msg="close messages"
time="2022-05-19T00:15:19+07:00" level=info msg="===========================need quota=============================="
time="2022-05-19T00:15:19+07:00" level=debug msg="0-ObjectID(\"60924c90004e4b0038618a14\") - SMAN 1 BANDUNG - KETM - q:8 - Need:1 - Added:4"
time="2022-05-19T00:15:19+07:00" level=debug msg="sisaQuota:1"
time="2022-05-19T00:15:19+07:00" level=debug msg="targetType.quota:7"
time="2022-05-19T00:15:19+07:00" level=debug msg="currTargetIdxOpt:0"
time="2022-05-19T00:15:19+07:00" level=debug msg="Yg tidak diterima !=:ObjectID(\"60c2b993bfeba4064073457b\") - NENG AISYAH HANIFA - AccStatus:3 - targetIdxOpt:3 - TargetIdxStd:1"
time="2022-05-19T00:15:19+07:00" level=debug msg="shifting name :MUHAMMAD RAFFI NUR BAIHAQI"
time="2022-05-19T00:15:19+07:00" level=debug msg="optIdxFirstChoice:SMAN 1 BANDUNG - KETM stdIdx:6"
time="2022-05-19T00:15:19+07:00" level=debug msg="shifting name :NENG AISYAH HANIFA"
time="2022-05-19T00:15:19+07:00" level=debug msg="optIdxFirstChoice:SMAN 1 BANDUNG - KETM stdIdx:7"
time="2022-05-19T00:15:19+07:00" level=debug msg="shifting name :DESI NABILA PUTRI"
time="2022-05-19T00:15:19+07:00" level=debug msg="optIdxFirstChoice:SMAN 2 BANDUNG - KETM stdIdx:10"
time="2022-05-19T00:15:19+07:00" level=debug msg="1-ObjectID(\"60924c90004e4b00386189dc\") - SMAN 2 BANDUNG - KETM - q:9 - Need:3 - Added:0"
time="2022-05-19T00:15:19+07:00" level=debug msg="sisaQuota:0"
time="2022-05-19T00:15:19+07:00" level=debug msg="2-ObjectID(\"60924c90004e4b003861893c\") - SMAN 6 BANDUNG - KETM - q:6 - Need:1 - Added:2"
time="2022-05-19T00:15:19+07:00" level=debug msg="sisaQuota:0"
time="2022-05-19T00:15:19+07:00" level=debug msg="3-ObjectID(\"000000000000000000000012\") - TemporarySMAKetm - q:0 - Need:0 - Added:0"
time="2022-05-19T00:15:19+07:00" level=debug msg="optionType1:ketm"
time="2022-05-19T00:15:19+07:00" level=debug msg="0-ObjectID(\"60924c90004e4b0038618a14\") - SMAN 1 BANDUNG - KETM : q: 9 : p: 9 - needQuota:0 - AddQuota:5"
time="2022-05-19T00:15:19+07:00" level=debug msg="1-ObjectID(\"60924c90004e4b00386189dc\") - SMAN 2 BANDUNG - KETM : q: 9 : p: 9 - needQuota:3 - AddQuota:0"
time="2022-05-19T00:15:19+07:00" level=debug msg="2-ObjectID(\"60924c90004e4b003861893c\") - SMAN 6 BANDUNG - KETM : q: 6 : p: 6 - needQuota:1 - AddQuota:2"
time="2022-05-19T00:15:19+07:00" level=debug msg="3-ObjectID(\"000000000000000000000012\") - TemporarySMAKetm : q: 0 : p: 1 - needQuota:0 - AddQuota:0"
time="2022-05-19T00:15:19+07:00" level=debug msg="optionType2:kondisi-tertentu"
time="2022-05-19T00:15:19+07:00" level=debug msg="0-ObjectID(\"60924c90004e4b0038618a15\") - SMAN 1 BANDUNG - KONDISI TERTENTU : q: 7 : p: 7 - needQuota:0 - AddQuota:0"
time="2022-05-19T00:15:19+07:00" level=debug msg="1-ObjectID(\"60924c90004e4b00386189dd\") - SMAN 2 BANDUNG - KONDISI TERTENTU : q: 17 : p: 17 - needQuota:0 - AddQuota:0"
time="2022-05-19T00:15:19+07:00" level=debug msg="2-ObjectID(\"60924c90004e4b003861893d\") - SMAN 6 BANDUNG - KONDISI TERTENTU : q: 1 : p: 1 - needQuota:0 - AddQuota:0"
time="2022-05-19T00:15:19+07:00" level=debug msg="3-ObjectID(\"000000000000000000000013\") - TemporarySMAKondisiTertentu : q: 0 : p: 0 - needQuota:0 - AddQuota:0"
time="2022-05-19T00:15:19+07:00" level=info msg="===========================need quota=============================="
time="2022-05-19T00:15:19+07:00" level=debug msg="0-ObjectID(\"60924c90004e4b0038618a15\") - SMAN 1 BANDUNG - KONDISI TERTENTU - q:7 - Need:0 - Added:0"
time="2022-05-19T00:15:19+07:00" level=debug msg="1-ObjectID(\"60924c90004e4b00386189dd\") - SMAN 2 BANDUNG - KONDISI TERTENTU - q:17 - Need:0 - Added:0"
time="2022-05-19T00:15:19+07:00" level=debug msg="2-ObjectID(\"60924c90004e4b003861893d\") - SMAN 6 BANDUNG - KONDISI TERTENTU - q:1 - Need:0 - Added:0"
time="2022-05-19T00:15:19+07:00" level=debug msg="3-ObjectID(\"000000000000000000000013\") - TemporarySMAKondisiTertentu - q:0 - Need:0 - Added:0"
time="2022-05-19T00:15:19+07:00" level=debug msg="optionType1:kondisi-tertentu"
time="2022-05-19T00:15:19+07:00" level=debug msg="0-ObjectID(\"60924c90004e4b0038618a15\") - SMAN 1 BANDUNG - KONDISI TERTENTU : q: 7 : p: 7 - needQuota:0 - AddQuota:0"
time="2022-05-19T00:15:19+07:00" level=debug msg="1-ObjectID(\"60924c90004e4b00386189dd\") - SMAN 2 BANDUNG - KONDISI TERTENTU : q: 17 : p: 17 - needQuota:0 - AddQuota:0"
time="2022-05-19T00:15:19+07:00" level=debug msg="2-ObjectID(\"60924c90004e4b003861893d\") - SMAN 6 BANDUNG - KONDISI TERTENTU : q: 1 : p: 1 - needQuota:0 - AddQuota:0"
time="2022-05-19T00:15:19+07:00" level=debug msg="3-ObjectID(\"000000000000000000000013\") - TemporarySMAKondisiTertentu : q: 0 : p: 0 - needQuota:0 - AddQuota:0"
time="2022-05-19T00:15:19+07:00" level=debug msg="optionType2:ketm"
time="2022-05-19T00:15:19+07:00" level=debug msg="0-ObjectID(\"60924c90004e4b0038618a14\") - SMAN 1 BANDUNG - KETM : q: 9 : p: 9 - needQuota:0 - AddQuota:5"
time="2022-05-19T00:15:19+07:00" level=debug msg="1-ObjectID(\"60924c90004e4b00386189dc\") - SMAN 2 BANDUNG - KETM : q: 9 : p: 9 - needQuota:3 - AddQuota:0"
time="2022-05-19T00:15:19+07:00" level=debug msg="2-ObjectID(\"60924c90004e4b003861893c\") - SMAN 6 BANDUNG - KETM : q: 6 : p: 6 - needQuota:1 - AddQuota:2"
time="2022-05-19T00:15:19+07:00" level=debug msg="3-ObjectID(\"000000000000000000000012\") - TemporarySMAKetm : q: 0 : p: 1 - needQuota:0 - AddQuota:0"
time="2022-05-19T00:15:19+07:00" level=info msg=Filter2OptionsShareQuota
time="2022-05-19T00:15:19+07:00" level=info msg="end getFiltered"
time="2022-05-19T00:15:19+07:00" level=info msg="go done getFiltered"
time="2022-05-19T00:15:19+07:00" level=info msg="go done getFiltered"
time="2022-05-19T00:15:19+07:00" level=info msg="bef getFiltered:"
time="2022-05-19T00:15:19+07:00" level=debug msg=afterSortByDistanceAndAge
time="2022-05-19T00:15:19+07:00" level=debug msg="ObjectID(\"60924c90004e4b0038618a14\") - SMAN 1 BANDUNG - KETM len.std:9 : q: 9 \n "
time="2022-05-19T00:15:19+07:00" level=debug msg="0:SITI HAFSHOH AMINAH - acc:0 distance1: 577.688 AccIdx: 0 AccId: ObjectID(\"60924c90004e4b0038618a14\")"
time="2022-05-19T00:15:19+07:00" level=debug msg="1:VIRLY AZZAHRA - acc:0 distance1: 751.532 AccIdx: 0 AccId: ObjectID(\"60924c90004e4b0038618a14\")"
time="2022-05-19T00:15:19+07:00" level=debug msg="2:MOCHAMMAD FAHMI HILABI - acc:0 distance1: 880.11 AccIdx: 0 AccId: ObjectID(\"60924c90004e4b0038618a14\")"
time="2022-05-19T00:15:19+07:00" level=debug msg="3:RAMA ALY AWALUDIN - acc:0 distance1: 1028.392 AccIdx: 0 AccId: ObjectID(\"60924c90004e4b0038618a14\")"
time="2022-05-19T00:15:19+07:00" level=debug msg="4:YANI KARTIKA HAERUN NISA - acc:0 distance1: 1327.879 AccIdx: 0 AccId: ObjectID(\"60924c90004e4b0038618a14\")"
time="2022-05-19T00:15:19+07:00" level=debug msg="5:ILHAM TRIANA PUTRA - acc:0 distance1: 1374.903 AccIdx: 0 AccId: ObjectID(\"60924c90004e4b0038618a14\")"
time="2022-05-19T00:15:19+07:00" level=debug msg="6:MUHAMMAD RAFFI NUR BAIHAQI - acc:0 distance1: 1562.129 AccIdx: 0 AccId: ObjectID(\"60924c90004e4b0038618a14\")"
time="2022-05-19T00:15:19+07:00" level=debug msg="7:DESI NABILA PUTRI - acc:1 distance1: 1961.207 AccIdx: 0 AccId: ObjectID(\"60924c90004e4b0038618a14\")"
time="2022-05-19T00:15:19+07:00" level=debug msg="8:NENG AISYAH HANIFA - acc:0 distance1: 20491.71 AccIdx: 0 AccId: ObjectID(\"60924c90004e4b0038618a14\")"
time="2022-05-19T00:15:19+07:00" level=info msg="aft getFiltered"
time="2022-05-19T00:15:19+07:00" level=info msg="close messages"
time="2022-05-19T00:15:19+07:00" level=info msg=Filter2OptionsShareQuota
time="2022-05-19T00:15:19+07:00" level=info msg="end getFiltered"
time="2022-05-19T00:15:19+07:00" level=info msg="go done getFiltered"
time="2022-05-19T00:15:19+07:00" level=info msg="go done getFiltered"
time="2022-05-19T00:15:19+07:00" level=info msg="bef getFiltered:"
time="2022-05-19T00:15:19+07:00" level=info msg="aft getFiltered"
time="2022-05-19T00:15:19+07:00" level=info msg="close messages"
time="2022-05-19T00:15:19+07:00" level=info msg=Filter1Options
time="2022-05-19T00:15:19+07:00" level=info msg="end getFiltered"
time="2022-05-19T00:15:19+07:00" level=info msg="go done getFiltered abk"
time="2022-05-19T00:15:19+07:00" level=info msg="go done getFiltered"
time="2022-05-19T00:15:19+07:00" level=info msg="bef getFiltered:"
time="2022-05-19T00:15:19+07:00" level=info msg="aft getFiltered"
time="2022-05-19T00:15:19+07:00" level=info msg="close messages"
time="2022-05-19T00:15:19+07:00" level=info msg=Filter2OptionsShareQuota
time="2022-05-19T00:15:19+07:00" level=info msg="end getFiltered"
time="2022-05-19T00:15:19+07:00" level=info msg="go done getFiltered"
time="2022-05-19T00:15:19+07:00" level=info msg="go done getFiltered"
time="2022-05-19T00:15:19+07:00" level=info msg="bef getFiltered:"
time="2022-05-19T00:15:19+07:00" level=info msg="aft getFiltered"
time="2022-05-19T00:15:19+07:00" level=info msg="close messages"
time="2022-05-19T00:15:19+07:00" level=info msg=Filter2OptionsShareQuota
time="2022-05-19T00:15:19+07:00" level=info msg="end getFiltered"
time="2022-05-19T00:15:19+07:00" level=info msg="go done getFiltered"
time="2022-05-19T00:15:19+07:00" level=info msg="bef getFiltered:"
time="2022-05-19T00:15:19+07:00" level=info msg="go done getFiltered"
time="2022-05-19T00:15:19+07:00" level=info msg="aft getFiltered"
time="2022-05-19T00:15:19+07:00" level=info msg="close messages"
time="2022-05-19T00:15:19+07:00" level=info msg="===========================need quota=============================="
time="2022-05-19T00:15:19+07:00" level=debug msg="0-ObjectID(\"60924c90004e4b0038618a14\") - SMAN 1 BANDUNG - KETM - q:9 - Need:0 - Added:5"
time="2022-05-19T00:15:19+07:00" level=debug msg="1-ObjectID(\"60924c90004e4b00386189dc\") - SMAN 2 BANDUNG - KETM - q:9 - Need:3 - Added:0"
time="2022-05-19T00:15:19+07:00" level=debug msg="sisaQuota:0"
time="2022-05-19T00:15:19+07:00" level=debug msg="2-ObjectID(\"60924c90004e4b003861893c\") - SMAN 6 BANDUNG - KETM - q:6 - Need:1 - Added:2"
time="2022-05-19T00:15:19+07:00" level=debug msg="sisaQuota:0"
time="2022-05-19T00:15:19+07:00" level=debug msg="3-ObjectID(\"000000000000000000000012\") - TemporarySMAKetm - q:0 - Need:0 - Added:0"
time="2022-05-19T00:15:19+07:00" level=debug msg="optionType1:ketm"
time="2022-05-19T00:15:19+07:00" level=debug msg="0-ObjectID(\"60924c90004e4b0038618a14\") - SMAN 1 BANDUNG - KETM : q: 9 : p: 9 - needQuota:0 - AddQuota:5"
time="2022-05-19T00:15:19+07:00" level=debug msg="1-ObjectID(\"60924c90004e4b00386189dc\") - SMAN 2 BANDUNG - KETM : q: 9 : p: 9 - needQuota:3 - AddQuota:0"
time="2022-05-19T00:15:19+07:00" level=debug msg="2-ObjectID(\"60924c90004e4b003861893c\") - SMAN 6 BANDUNG - KETM : q: 6 : p: 6 - needQuota:1 - AddQuota:2"
time="2022-05-19T00:15:19+07:00" level=debug msg="3-ObjectID(\"000000000000000000000012\") - TemporarySMAKetm : q: 0 : p: 1 - needQuota:0 - AddQuota:0"
time="2022-05-19T00:15:19+07:00" level=debug msg="optionType2:kondisi-tertentu"
time="2022-05-19T00:15:19+07:00" level=debug msg="0-ObjectID(\"60924c90004e4b0038618a15\") - SMAN 1 BANDUNG - KONDISI TERTENTU : q: 7 : p: 7 - needQuota:0 - AddQuota:0"
time="2022-05-19T00:15:19+07:00" level=debug msg="1-ObjectID(\"60924c90004e4b00386189dd\") - SMAN 2 BANDUNG - KONDISI TERTENTU : q: 17 : p: 17 - needQuota:0 - AddQuota:0"
time="2022-05-19T00:15:19+07:00" level=debug msg="2-ObjectID(\"60924c90004e4b003861893d\") - SMAN 6 BANDUNG - KONDISI TERTENTU : q: 1 : p: 1 - needQuota:0 - AddQuota:0"
time="2022-05-19T00:15:19+07:00" level=debug msg="3-ObjectID(\"000000000000000000000013\") - TemporarySMAKondisiTertentu : q: 0 : p: 0 - needQuota:0 - AddQuota:0"
time="2022-05-19T00:15:19+07:00" level=info msg="===========================need quota=============================="
time="2022-05-19T00:15:19+07:00" level=debug msg="0-ObjectID(\"60924c90004e4b0038618a15\") - SMAN 1 BANDUNG - KONDISI TERTENTU - q:7 - Need:0 - Added:0"
time="2022-05-19T00:15:19+07:00" level=debug msg="1-ObjectID(\"60924c90004e4b00386189dd\") - SMAN 2 BANDUNG - KONDISI TERTENTU - q:17 - Need:0 - Added:0"
time="2022-05-19T00:15:19+07:00" level=debug msg="2-ObjectID(\"60924c90004e4b003861893d\") - SMAN 6 BANDUNG - KONDISI TERTENTU - q:1 - Need:0 - Added:0"
time="2022-05-19T00:15:19+07:00" level=debug msg="3-ObjectID(\"000000000000000000000013\") - TemporarySMAKondisiTertentu - q:0 - Need:0 - Added:0"
time="2022-05-19T00:15:19+07:00" level=debug msg="optionType1:kondisi-tertentu"
time="2022-05-19T00:15:19+07:00" level=debug msg="0-ObjectID(\"60924c90004e4b0038618a15\") - SMAN 1 BANDUNG - KONDISI TERTENTU : q: 7 : p: 7 - needQuota:0 - AddQuota:0"
time="2022-05-19T00:15:19+07:00" level=debug msg="1-ObjectID(\"60924c90004e4b00386189dd\") - SMAN 2 BANDUNG - KONDISI TERTENTU : q: 17 : p: 17 - needQuota:0 - AddQuota:0"
time="2022-05-19T00:15:19+07:00" level=debug msg="2-ObjectID(\"60924c90004e4b003861893d\") - SMAN 6 BANDUNG - KONDISI TERTENTU : q: 1 : p: 1 - needQuota:0 - AddQuota:0"
time="2022-05-19T00:15:19+07:00" level=debug msg="3-ObjectID(\"000000000000000000000013\") - TemporarySMAKondisiTertentu : q: 0 : p: 0 - needQuota:0 - AddQuota:0"
time="2022-05-19T00:15:19+07:00" level=debug msg="optionType2:ketm"
time="2022-05-19T00:15:19+07:00" level=debug msg="0-ObjectID(\"60924c90004e4b0038618a14\") - SMAN 1 BANDUNG - KETM : q: 9 : p: 9 - needQuota:0 - AddQuota:5"
time="2022-05-19T00:15:19+07:00" level=debug msg="1-ObjectID(\"60924c90004e4b00386189dc\") - SMAN 2 BANDUNG - KETM : q: 9 : p: 9 - needQuota:3 - AddQuota:0"
time="2022-05-19T00:15:19+07:00" level=debug msg="2-ObjectID(\"60924c90004e4b003861893c\") - SMAN 6 BANDUNG - KETM : q: 6 : p: 6 - needQuota:1 - AddQuota:2"
time="2022-05-19T00:15:19+07:00" level=debug msg="3-ObjectID(\"000000000000000000000012\") - TemporarySMAKetm : q: 0 : p: 1 - needQuota:0 - AddQuota:0"
time="2022-05-19T00:15:19+07:00" level=info msg=Filter2OptionsShareQuota
time="2022-05-19T00:15:19+07:00" level=info msg="end getFiltered"
time="2022-05-19T00:15:19+07:00" level=info msg="go done getFiltered"
time="2022-05-19T00:15:19+07:00" level=info msg="go done getFiltered"
time="2022-05-19T00:15:19+07:00" level=info msg="bef getFiltered:"
time="2022-05-19T00:15:19+07:00" level=info msg="aft getFiltered"
time="2022-05-19T00:15:19+07:00" level=info msg="close messages"
time="2022-05-19T00:15:19+07:00" level=info msg=Filter2OptionsShareQuota
time="2022-05-19T00:15:19+07:00" level=info msg="end getFiltered"
time="2022-05-19T00:15:19+07:00" level=info msg="go done getFiltered"
time="2022-05-19T00:15:19+07:00" level=info msg="go done getFiltered"
time="2022-05-19T00:15:19+07:00" level=info msg="bef getFiltered:"
time="2022-05-19T00:15:19+07:00" level=info msg="aft getFiltered"
time="2022-05-19T00:15:19+07:00" level=info msg="close messages"
time="2022-05-19T00:15:19+07:00" level=info msg="0-ObjectID(\"60924c90004e4b0038618a15\") - SMAN 1 BANDUNG - KONDISI TERTENTU : q: 7 : p: 7 - needQuota:0 - AddQuota:0"
time="2022-05-19T00:15:19+07:00" level=info msg="1-ObjectID(\"60924c90004e4b00386189dd\") - SMAN 2 BANDUNG - KONDISI TERTENTU : q: 17 : p: 17 - needQuota:0 - AddQuota:0"
time="2022-05-19T00:15:19+07:00" level=info msg="2-ObjectID(\"60924c90004e4b003861893d\") - SMAN 6 BANDUNG - KONDISI TERTENTU : q: 1 : p: 1 - needQuota:0 - AddQuota:0"
time="2022-05-19T00:15:19+07:00" level=info msg="3-ObjectID(\"000000000000000000000013\") - TemporarySMAKondisiTertentu : q: 0 : p: 0 - needQuota:0 - AddQuota:0"
time="2022-05-19T00:15:19+07:00" level=info msg="0-ObjectID(\"60924c90004e4b0038618a13\") - SMAN 1 BANDUNG - ABK : q: 0 : p: 0 - needQuota:0 - AddQuota:0"
time="2022-05-19T00:15:19+07:00" level=info msg="1-ObjectID(\"60924c90004e4b00386189db\") - SMAN 2 BANDUNG - ABK : q: 1 : p: 1 - needQuota:0 - AddQuota:0"
time="2022-05-19T00:15:19+07:00" level=info msg=">0:CINDY ANNISA RAHMADIANTI - acc:0 - accId:ObjectID(\"60924c90004e4b00386189db\") distance: 6691.907 Birth:1146614400000"
time="2022-05-19T00:15:19+07:00" level=info msg="2-ObjectID(\"60924c90004e4b003861893b\") - SMAN 6 BANDUNG - ABK : q: 2 : p: 2 - needQuota:0 - AddQuota:0"
time="2022-05-19T00:15:19+07:00" level=info msg=">0:LUNA OKTAVIA MAHARANI - acc:0 - accId:ObjectID(\"60924c90004e4b003861893b\") distance: 663.663 Birth:1128297600000"
time="2022-05-19T00:15:19+07:00" level=info msg=">1:CORRIE SYERA ANDRIANY - acc:0 - accId:ObjectID(\"60924c90004e4b003861893b\") distance: 3188.747 Birth:1088640000000"
time="2022-05-19T00:15:19+07:00" level=info msg="3-ObjectID(\"000000000000000000000011\") - TemporarySMAAbk : q: 0 : p: 0 - needQuota:0 - AddQuota:0"
time="2022-05-19T00:15:19+07:00" level=info msg="0-ObjectID(\"60924c90004e4b0038618a14\") - SMAN 1 BANDUNG - KETM : q: 9 : p: 9 - needQuota:0 - AddQuota:5"
time="2022-05-19T00:15:19+07:00" level=info msg=">0:SITI HAFSHOH AMINAH - acc:0 - accId:ObjectID(\"60924c90004e4b0038618a14\") distance: 577.688 Birth:1126051200000"
time="2022-05-19T00:15:19+07:00" level=info msg=">1:VIRLY AZZAHRA - acc:0 - accId:ObjectID(\"60924c90004e4b0038618a14\") distance: 751.532 Birth:1112400000000"
time="2022-05-19T00:15:19+07:00" level=info msg=">2:MOCHAMMAD FAHMI HILABI - acc:0 - accId:ObjectID(\"60924c90004e4b0038618a14\") distance: 880.11 Birth:1124582400000"
time="2022-05-19T00:15:19+07:00" level=info msg=">3:RAMA ALY AWALUDIN - acc:0 - accId:ObjectID(\"60924c90004e4b0038618a14\") distance: 1028.392 Birth:1132790400000"
time="2022-05-19T00:15:19+07:00" level=info msg=">4:YANI KARTIKA HAERUN NISA - acc:0 - accId:ObjectID(\"60924c90004e4b0038618a14\") distance: 1327.879 Birth:1160438400000"
time="2022-05-19T00:15:19+07:00" level=info msg=">5:ILHAM TRIANA PUTRA - acc:0 - accId:ObjectID(\"60924c90004e4b0038618a14\") distance: 1374.903 Birth:1030492800000"
time="2022-05-19T00:15:19+07:00" level=info msg=">6:MUHAMMAD RAFFI NUR BAIHAQI - acc:0 - accId:ObjectID(\"60924c90004e4b0038618a14\") distance: 1562.129 Birth:1135123200000"
time="2022-05-19T00:15:19+07:00" level=info msg=">7:DESI NABILA PUTRI - acc:1 - accId:ObjectID(\"60924c90004e4b0038618a14\") distance: 1569.002 Birth:1135036800000"
time="2022-05-19T00:15:19+07:00" level=info msg=">8:NENG AISYAH HANIFA - acc:0 - accId:ObjectID(\"60924c90004e4b0038618a14\") distance: 20491.71 Birth:1143936000000"
time="2022-05-19T00:15:19+07:00" level=info msg="1-ObjectID(\"60924c90004e4b00386189dc\") - SMAN 2 BANDUNG - KETM : q: 9 : p: 9 - needQuota:3 - AddQuota:0"
time="2022-05-19T00:15:19+07:00" level=info msg=">0:MUHAMAD RIDWAN - acc:0 - accId:ObjectID(\"60924c90004e4b00386189dc\") distance: 176.768 Birth:1149552000000"
time="2022-05-19T00:15:19+07:00" level=info msg=">1:RINDRA GOESYANA PUTRA - acc:0 - accId:ObjectID(\"60924c90004e4b00386189dc\") distance: 271.224 Birth:1132185600000"
time="2022-05-19T00:15:19+07:00" level=info msg=">2:VINKAN LESTARI - acc:0 - accId:ObjectID(\"60924c90004e4b00386189dc\") distance: 368.965 Birth:1137456000000"
time="2022-05-19T00:15:19+07:00" level=info msg=">3:DJULIANSAH - acc:0 - accId:ObjectID(\"60924c90004e4b00386189dc\") distance: 545.806 Birth:1102032000000"
time="2022-05-19T00:15:19+07:00" level=info msg=">4:RIVAN SOFANDI - acc:0 - accId:ObjectID(\"60924c90004e4b00386189dc\") distance: 720.685 Birth:1151884800000"
time="2022-05-19T00:15:19+07:00" level=info msg=">5:ADAM HONEST - acc:0 - accId:ObjectID(\"60924c90004e4b00386189dc\") distance: 1021.789 Birth:1144022400000"
time="2022-05-19T00:15:19+07:00" level=info msg=">6:WENDA APRILIANSYAH - acc:0 - accId:ObjectID(\"60924c90004e4b00386189dc\") distance: 1130.255 Birth:1143849600000"
time="2022-05-19T00:15:19+07:00" level=info msg=">7:FETY HODIJAH - acc:0 - accId:ObjectID(\"60924c90004e4b00386189dc\") distance: 1429.075 Birth:1124236800000"
time="2022-05-19T00:15:19+07:00" level=info msg=">8:RIZATI MARSA ISTIADZAH - acc:0 - accId:ObjectID(\"60924c90004e4b00386189dc\") distance: 1512.797 Birth:1143331200000"
time="2022-05-19T00:15:19+07:00" level=info msg="2-ObjectID(\"60924c90004e4b003861893c\") - SMAN 6 BANDUNG - KETM : q: 6 : p: 6 - needQuota:1 - AddQuota:2"
time="2022-05-19T00:15:19+07:00" level=info msg=">0:HERIANSYAH SAEFUL - acc:0 - accId:ObjectID(\"60924c90004e4b003861893c\") distance: 405.155 Birth:1154131200000"
time="2022-05-19T00:15:19+07:00" level=info msg=">1:CINDY HILMU AR RACHMA - acc:0 - accId:ObjectID(\"60924c90004e4b003861893c\") distance: 771.822 Birth:1132790400000"
time="2022-05-19T00:15:19+07:00" level=info msg=">2:FAHRIL PUTRA RAKA PRATAMA - acc:0 - accId:ObjectID(\"60924c90004e4b003861893c\") distance: 966.311 Birth:1089676800000"
time="2022-05-19T00:15:19+07:00" level=info msg=">3:LIA RODIYANAH - acc:0 - accId:ObjectID(\"60924c90004e4b003861893c\") distance: 1191.4 Birth:1129075200000"
time="2022-05-19T00:15:19+07:00" level=info msg=">4:MUHAMAD FIKRIE L. I. NASTIYAR - acc:0 - accId:ObjectID(\"60924c90004e4b003861893c\") distance: 1475.547 Birth:1150416000000"
time="2022-05-19T00:15:19+07:00" level=info msg=">5:FAJAR MOCHAMMAD SYIDHIQ - acc:0 - accId:ObjectID(\"60924c90004e4b003861893c\") distance: 1475.547 Birth:1155254400000"
time="2022-05-19T00:15:19+07:00" level=info msg="3-ObjectID(\"000000000000000000000012\") - TemporarySMAKetm : q: 0 : p: 1 - needQuota:0 - AddQuota:0"
time="2022-05-19T00:15:19+07:00" level=info msg=">0:REYHAN ERLANGGA PUTRA SUDRAJAT - acc:3 - accId:ObjectID(\"000000000000000000000012\") distance: 1982.861 Birth:1119657600000"
time="2022-05-19T00:15:19+07:00" level=info msg="0-ObjectID(\"60924c90004e4b0038618a15\") - SMAN 1 BANDUNG - KONDISI TERTENTU : q: 7 : p: 7 - needQuota:0 - AddQuota:0"
time="2022-05-19T00:15:19+07:00" level=info msg=">0:STEFANUS TJANDRA BUANA - acc:0 - accId:ObjectID(\"60924c90004e4b0038618a15\") distance: 1568.766 Birth:1150848000000"
time="2022-05-19T00:15:19+07:00" level=info msg=">1:DELVIN KHAYRU ADINEGARA - acc:0 - accId:ObjectID(\"60924c90004e4b0038618a15\") distance: 1680.441 Birth:1147132800000"
time="2022-05-19T00:15:19+07:00" level=info msg=">2:NAZWA NAYLA SYIFA  ROSSANO - acc:0 - accId:ObjectID(\"60924c90004e4b0038618a15\") distance: 2947.439 Birth:1126137600000"
time="2022-05-19T00:15:19+07:00" level=info msg=">3:WIDAD NASYWAA ZANTY - acc:0 - accId:ObjectID(\"60924c90004e4b0038618a15\") distance: 3722.871 Birth:1135382400000"
time="2022-05-19T00:15:19+07:00" level=info msg=">4:ARIF SULAIMAN - acc:0 - accId:ObjectID(\"60924c90004e4b0038618a15\") distance: 4485.335 Birth:1142899200000"
time="2022-05-19T00:15:19+07:00" level=info msg=">5:LUMBANTORUAN, DANIEL JONATHAN ABRAHAM - acc:0 - accId:ObjectID(\"60924c90004e4b0038618a15\") distance: 5688.694 Birth:1151539200000"
time="2022-05-19T00:15:19+07:00" level=info msg=">6:ARZETHA CHEALSE YUDHA HARDIANTO - acc:0 - accId:ObjectID(\"60924c90004e4b0038618a15\") distance: 14874.139 Birth:1155686400000"
time="2022-05-19T00:15:19+07:00" level=info msg="1-ObjectID(\"60924c90004e4b00386189dd\") - SMAN 2 BANDUNG - KONDISI TERTENTU : q: 17 : p: 17 - needQuota:0 - AddQuota:0"
time="2022-05-19T00:15:19+07:00" level=info msg=">0:FALYA SITI FAUZIA - acc:0 - accId:ObjectID(\"60924c90004e4b00386189dd\") distance: 234.279 Birth:1125187200000"
time="2022-05-19T00:15:19+07:00" level=info msg=">1:MUHAMMAD PRAMUDYA DIPTA - acc:0 - accId:ObjectID(\"60924c90004e4b00386189dd\") distance: 329.063 Birth:1131580800000"
time="2022-05-19T00:15:19+07:00" level=info msg=">2:FARHAN AGUSTIANSYAH - acc:0 - accId:ObjectID(\"60924c90004e4b00386189dd\") distance: 692.931 Birth:1123891200000"
time="2022-05-19T00:15:19+07:00" level=info msg=">3:SAAJIDAH HIDAYATULLAH - acc:0 - accId:ObjectID(\"60924c90004e4b00386189dd\") distance: 997.841 Birth:1153008000000"
time="2022-05-19T00:15:19+07:00" level=info msg=">4:ADITYA HIDAYATULLOH - acc:0 - accId:ObjectID(\"60924c90004e4b00386189dd\") distance: 1134.902 Birth:1141862400000"
time="2022-05-19T00:15:19+07:00" level=info msg=">5:AULIA AZ-ZAHRA - acc:0 - accId:ObjectID(\"60924c90004e4b00386189dd\") distance: 1266.219 Birth:1155600000000"
time="2022-05-19T00:15:19+07:00" level=info msg=">6:ZULFA RIDHO ROBBANI - acc:0 - accId:ObjectID(\"60924c90004e4b00386189dd\") distance: 1403.818 Birth:1138752000000"
time="2022-05-19T00:15:19+07:00" level=info msg=">7:HEJIRA AZARIA RACHMI - acc:0 - accId:ObjectID(\"60924c90004e4b00386189dd\") distance: 1446.85 Birth:1134691200000"
time="2022-05-19T00:15:19+07:00" level=info msg=">8:NASYIFAH KHAIRUNNISA ARIYANTO - acc:0 - accId:ObjectID(\"60924c90004e4b00386189dd\") distance: 1489.684 Birth:1152057600000"
time="2022-05-19T00:15:19+07:00" level=info msg=">9:NAILA NURUL ALMA - acc:0 - accId:ObjectID(\"60924c90004e4b00386189dd\") distance: 1878.867 Birth:1158537600000"
time="2022-05-19T00:15:19+07:00" level=info msg=">10:KHAIRUNISA NAILA MUMTAZ MAHMUDI - acc:0 - accId:ObjectID(\"60924c90004e4b00386189dd\") distance: 2436.825 Birth:1173312000000"
time="2022-05-19T00:15:19+07:00" level=info msg=">11:REVALDI BATHYANSYAH BAHROMAN - acc:0 - accId:ObjectID(\"60924c90004e4b00386189dd\") distance: 2604.428 Birth:1138147200000"
time="2022-05-19T00:15:19+07:00" level=info msg=">12:ADILA ANADIVA - acc:0 - accId:ObjectID(\"60924c90004e4b00386189dd\") distance: 3119.098 Birth:1138406400000"
time="2022-05-19T00:15:19+07:00" level=info msg=">13:MUHAMMAD FIRZY RAYN RUSFYANDI - acc:0 - accId:ObjectID(\"60924c90004e4b00386189dd\") distance: 3232.818 Birth:1131840000000"
time="2022-05-19T00:15:19+07:00" level=info msg=">14:CHRISTOPHER SHILO WRESNIWIRA SURYA - acc:0 - accId:ObjectID(\"60924c90004e4b00386189dd\") distance: 3245.799 Birth:1147132800000"
time="2022-05-19T00:15:19+07:00" level=info msg=">15:SYAFI GYANESWAR HARSHAVARDANA - acc:0 - accId:ObjectID(\"60924c90004e4b00386189dd\") distance: 3606.852 Birth:1140652800000"
time="2022-05-19T00:15:19+07:00" level=info msg=">16:RHEGIASYA SANIA RIZKHIKA - acc:0 - accId:ObjectID(\"60924c90004e4b00386189dd\") distance: 3846.585 Birth:1141257600000"
time="2022-05-19T00:15:19+07:00" level=info msg="2-ObjectID(\"60924c90004e4b003861893d\") - SMAN 6 BANDUNG - KONDISI TERTENTU : q: 1 : p: 1 - needQuota:0 - AddQuota:0"
time="2022-05-19T00:15:19+07:00" level=info msg=">0:DIVA LAILA SALMA ZAHARA - acc:0 - accId:ObjectID(\"60924c90004e4b003861893d\") distance: 1256.786 Birth:1157414400000"
time="2022-05-19T00:15:19+07:00" level=info msg="3-ObjectID(\"000000000000000000000013\") - TemporarySMAKondisiTertentu : q: 0 : p: 0 - needQuota:0 - AddQuota:0"
time="2022-05-19T00:15:19+07:00" level=info msg="The `for` loop took %s130.6864ms"
