time="2022-05-18T13:56:44+07:00" level=info msg=21
time="2022-05-18T13:56:45+07:00" level=info msg="len abk:4"
time="2022-05-18T13:56:45+07:00" level=info msg="len ketm:4"
time="2022-05-18T13:56:45+07:00" level=info msg="0-ObjectID(\"60924c90004e4b0038618a14\") - SMAN 1 BANDUNG - KETM - q: 4 - p:8"
time="2022-05-18T13:56:45+07:00" level=info msg="1-ObjectID(\"60924c90004e4b00386189dc\") - SMAN 2 BANDUNG - KETM - q: 9 - p:10"
time="2022-05-18T13:56:45+07:00" level=info msg="2-ObjectID(\"60924c90004e4b003861893c\") - SMAN 6 BANDUNG - KETM - q: 4 - p:6"
time="2022-05-18T13:56:45+07:00" level=info msg="3-ObjectID(\"000000000000000000000002\") - TemporaryKetm - q: 0 - p:0"
time="2022-05-18T13:56:45+07:00" level=info msg="0-ObjectID(\"60924c90004e4b0038618a15\") - SMAN 1 BANDUNG - KONDISI TERTENTU - q: 12 - p:7"
time="2022-05-18T13:56:45+07:00" level=info msg="1-ObjectID(\"60924c90004e4b00386189dd\") - SMAN 2 BANDUNG - KONDISI TERTENTU - q: 17 - p:17"
time="2022-05-18T13:56:45+07:00" level=info msg="2-ObjectID(\"60924c90004e4b003861893d\") - SMAN 6 BANDUNG - KONDISI TERTENTU - q: 3 - p:1"
time="2022-05-18T13:56:45+07:00" level=info msg="3-ObjectID(\"000000000000000000000003\") - TemporaryKondisiTertentu - q: 0 - p:0"
time="2022-05-18T13:56:45+07:00" level=info msg=Filter2OptionsShareQuota
time="2022-05-18T13:56:45+07:00" level=info msg="end getFiltered"
time="2022-05-18T13:56:45+07:00" level=info msg="go done getFiltered"
time="2022-05-18T13:56:45+07:00" level=info msg="go done getFiltered"
time="2022-05-18T13:56:45+07:00" level=info msg="bef getFiltered:"
time="2022-05-18T13:56:45+07:00" level=info msg="aft getFiltered"
time="2022-05-18T13:56:45+07:00" level=info msg="close messages"
time="2022-05-18T13:56:45+07:00" level=info msg=Filter2OptionsShareQuota
time="2022-05-18T13:56:45+07:00" level=info msg="end getFiltered"
time="2022-05-18T13:56:45+07:00" level=info msg="go done getFiltered"
time="2022-05-18T13:56:45+07:00" level=info msg="go done getFiltered"
time="2022-05-18T13:56:45+07:00" level=info msg="bef getFiltered:"
time="2022-05-18T13:56:45+07:00" level=info msg="aft getFiltered"
time="2022-05-18T13:56:45+07:00" level=info msg="close messages"
time="2022-05-18T13:56:45+07:00" level=info msg="===========================need quota=============================="
time="2022-05-18T13:56:45+07:00" level=info msg="===========================need quota=============================="
time="2022-05-18T13:56:45+07:00" level=info msg=Filter2OptionsShareQuota
time="2022-05-18T13:56:45+07:00" level=info msg="end getFiltered"
time="2022-05-18T13:56:45+07:00" level=info msg="go done getFiltered"
time="2022-05-18T13:56:45+07:00" level=info msg="go done getFiltered"
time="2022-05-18T13:56:45+07:00" level=info msg="bef getFiltered:"
time="2022-05-18T13:56:45+07:00" level=info msg="aft getFiltered"
time="2022-05-18T13:56:45+07:00" level=info msg="close messages"
time="2022-05-18T13:56:45+07:00" level=info msg=Filter2OptionsShareQuota
time="2022-05-18T13:56:45+07:00" level=info msg="end getFiltered"
time="2022-05-18T13:56:45+07:00" level=info msg="go done getFiltered"
time="2022-05-18T13:56:45+07:00" level=info msg="go done getFiltered"
time="2022-05-18T13:56:45+07:00" level=info msg="bef getFiltered:"
time="2022-05-18T13:56:45+07:00" level=info msg="aft getFiltered"
time="2022-05-18T13:56:45+07:00" level=info msg="close messages"
time="2022-05-18T13:56:45+07:00" level=info msg=Filter2OptionsShareQuota
time="2022-05-18T13:56:45+07:00" level=info msg="end getFiltered"
time="2022-05-18T13:56:45+07:00" level=info msg="go done getFiltered"
time="2022-05-18T13:56:45+07:00" level=info msg="go done getFiltered"
time="2022-05-18T13:56:45+07:00" level=info msg="bef getFiltered:"
time="2022-05-18T13:56:45+07:00" level=info msg="aft getFiltered"
time="2022-05-18T13:56:45+07:00" level=info msg="close messages"
time="2022-05-18T13:56:45+07:00" level=info msg=Filter2OptionsShareQuota
time="2022-05-18T13:56:45+07:00" level=info msg="end getFiltered"
time="2022-05-18T13:56:45+07:00" level=info msg="go done getFiltered"
time="2022-05-18T13:56:45+07:00" level=info msg="go done getFiltered"
time="2022-05-18T13:56:45+07:00" level=info msg="bef getFiltered:"
time="2022-05-18T13:56:45+07:00" level=info msg="aft getFiltered"
time="2022-05-18T13:56:45+07:00" level=info msg="close messages"
time="2022-05-18T13:56:45+07:00" level=info msg="===========================need quota=============================="
time="2022-05-18T13:56:45+07:00" level=info msg="===========================need quota=============================="
time="2022-05-18T13:56:45+07:00" level=info msg=Filter2OptionsShareQuota
time="2022-05-18T13:56:45+07:00" level=info msg="end getFiltered"
time="2022-05-18T13:56:45+07:00" level=info msg="go done getFiltered"
time="2022-05-18T13:56:45+07:00" level=info msg="go done getFiltered"
time="2022-05-18T13:56:45+07:00" level=info msg="bef getFiltered:"
time="2022-05-18T13:56:45+07:00" level=info msg="aft getFiltered"
time="2022-05-18T13:56:45+07:00" level=info msg="close messages"
time="2022-05-18T13:56:45+07:00" level=info msg=Filter2OptionsShareQuota
time="2022-05-18T13:56:45+07:00" level=info msg="end getFiltered"
time="2022-05-18T13:56:45+07:00" level=info msg="go done getFiltered"
time="2022-05-18T13:56:45+07:00" level=info msg="go done getFiltered"
time="2022-05-18T13:56:45+07:00" level=info msg="bef getFiltered:"
time="2022-05-18T13:56:45+07:00" level=info msg="aft getFiltered"
time="2022-05-18T13:56:45+07:00" level=info msg="close messages"
time="2022-05-18T13:56:45+07:00" level=info msg=Filter2OptionsShareQuota
time="2022-05-18T13:56:45+07:00" level=info msg="end getFiltered"
time="2022-05-18T13:56:45+07:00" level=info msg="bef getFiltered:"
time="2022-05-18T13:56:45+07:00" level=info msg="go done getFiltered"
time="2022-05-18T13:56:45+07:00" level=info msg="go done getFiltered"
time="2022-05-18T13:56:45+07:00" level=info msg="aft getFiltered"
time="2022-05-18T13:56:45+07:00" level=info msg="close messages"
time="2022-05-18T13:56:45+07:00" level=info msg=Filter2OptionsShareQuota
time="2022-05-18T13:56:45+07:00" level=info msg="end getFiltered"
time="2022-05-18T13:56:45+07:00" level=info msg="go done getFiltered"
time="2022-05-18T13:56:45+07:00" level=info msg="go done getFiltered"
time="2022-05-18T13:56:45+07:00" level=info msg="bef getFiltered:"
time="2022-05-18T13:56:45+07:00" level=info msg="aft getFiltered"
time="2022-05-18T13:56:45+07:00" level=info msg="close messages"
time="2022-05-18T13:56:45+07:00" level=info msg="===========================need quota=============================="
time="2022-05-18T13:56:45+07:00" level=info msg="===========================need quota=============================="
time="2022-05-18T13:56:45+07:00" level=info msg=Filter2OptionsShareQuota
time="2022-05-18T13:56:45+07:00" level=info msg="end getFiltered"
time="2022-05-18T13:56:45+07:00" level=info msg="go done getFiltered"
time="2022-05-18T13:56:45+07:00" level=info msg="go done getFiltered"
time="2022-05-18T13:56:45+07:00" level=info msg="bef getFiltered:"
time="2022-05-18T13:56:45+07:00" level=info msg="aft getFiltered"
time="2022-05-18T13:56:45+07:00" level=info msg="close messages"
time="2022-05-18T13:56:45+07:00" level=info msg=Filter2OptionsShareQuota
time="2022-05-18T13:56:45+07:00" level=info msg="end getFiltered"
time="2022-05-18T13:56:45+07:00" level=info msg="go done getFiltered"
time="2022-05-18T13:56:45+07:00" level=info msg="go done getFiltered"
time="2022-05-18T13:56:45+07:00" level=info msg="bef getFiltered:"
time="2022-05-18T13:56:45+07:00" level=info msg="aft getFiltered"
time="2022-05-18T13:56:45+07:00" level=info msg="close messages"
time="2022-05-18T13:56:45+07:00" level=info msg="0-ObjectID(\"60924c90004e4b0038618a14\") - SMAN 1 BANDUNG - KETM : q: 9 : p: 9 - needQuota:0 - AddQuota:5"
time="2022-05-18T13:56:45+07:00" level=info msg=">0:SITI HAFSHOH AMINAH - acc:0 - accId:ObjectID(\"60924c90004e4b0038618a14\") distance: 577.688 Birth:1126051200000"
time="2022-05-18T13:56:45+07:00" level=info msg=">1:VIRLY AZZAHRA - acc:0 - accId:ObjectID(\"60924c90004e4b0038618a14\") distance: 751.532 Birth:1112400000000"
time="2022-05-18T13:56:45+07:00" level=info msg=">2:MOCHAMMAD FAHMI HILABI - acc:0 - accId:ObjectID(\"60924c90004e4b0038618a14\") distance: 880.11 Birth:1124582400000"
time="2022-05-18T13:56:45+07:00" level=info msg=">3:RAMA ALY AWALUDIN - acc:0 - accId:ObjectID(\"60924c90004e4b0038618a14\") distance: 1028.392 Birth:1132790400000"
time="2022-05-18T13:56:45+07:00" level=info msg=">4:YANI KARTIKA HAERUN NISA - acc:0 - accId:ObjectID(\"60924c90004e4b0038618a14\") distance: 1327.879 Birth:1160438400000"
time="2022-05-18T13:56:45+07:00" level=info msg=">5:ILHAM TRIANA PUTRA - acc:0 - accId:ObjectID(\"60924c90004e4b0038618a14\") distance: 1374.903 Birth:1030492800000"
time="2022-05-18T13:56:45+07:00" level=info msg=">6:MUHAMMAD RAFFI NUR BAIHAQI - acc:0 - accId:ObjectID(\"60924c90004e4b0038618a14\") distance: 1562.129 Birth:1135123200000"
time="2022-05-18T13:56:45+07:00" level=info msg=">7:DESI NABILA PUTRI - acc:1 - accId:ObjectID(\"60924c90004e4b0038618a14\") distance: 1569.002 Birth:1135036800000"
time="2022-05-18T13:56:45+07:00" level=info msg=">8:NENG AISYAH HANIFA - acc:0 - accId:ObjectID(\"60924c90004e4b0038618a14\") distance: 20491.71 Birth:1143936000000"
time="2022-05-18T13:56:45+07:00" level=info msg="1-ObjectID(\"60924c90004e4b00386189dc\") - SMAN 2 BANDUNG - KETM : q: 9 : p: 9 - needQuota:2 - AddQuota:0"
time="2022-05-18T13:56:45+07:00" level=info msg=">0:MUHAMAD RIDWAN - acc:0 - accId:ObjectID(\"60924c90004e4b00386189dc\") distance: 176.768 Birth:1149552000000"
time="2022-05-18T13:56:45+07:00" level=info msg=">1:RINDRA GOESYANA PUTRA - acc:0 - accId:ObjectID(\"60924c90004e4b00386189dc\") distance: 271.224 Birth:1132185600000"
time="2022-05-18T13:56:45+07:00" level=info msg=">2:VINKAN LESTARI - acc:0 - accId:ObjectID(\"60924c90004e4b00386189dc\") distance: 368.965 Birth:1137456000000"
time="2022-05-18T13:56:45+07:00" level=info msg=">3:DJULIANSAH - acc:0 - accId:ObjectID(\"60924c90004e4b00386189dc\") distance: 545.806 Birth:1102032000000"
time="2022-05-18T13:56:45+07:00" level=info msg=">4:RIVAN SOFANDI - acc:0 - accId:ObjectID(\"60924c90004e4b00386189dc\") distance: 720.685 Birth:1151884800000"
time="2022-05-18T13:56:45+07:00" level=info msg=">5:ADAM HONEST - acc:0 - accId:ObjectID(\"60924c90004e4b00386189dc\") distance: 1021.789 Birth:1144022400000"
time="2022-05-18T13:56:45+07:00" level=info msg=">6:WENDA APRILIANSYAH - acc:0 - accId:ObjectID(\"60924c90004e4b00386189dc\") distance: 1130.255 Birth:1143849600000"
time="2022-05-18T13:56:45+07:00" level=info msg=">7:FETY HODIJAH - acc:0 - accId:ObjectID(\"60924c90004e4b00386189dc\") distance: 1429.075 Birth:1124236800000"
time="2022-05-18T13:56:45+07:00" level=info msg=">8:REYHAN ERLANGGA PUTRA SUDRAJAT - acc:0 - accId:ObjectID(\"60924c90004e4b00386189dc\") distance: 1808.098 Birth:1119657600000"
time="2022-05-18T13:56:45+07:00" level=info msg="2-ObjectID(\"60924c90004e4b003861893c\") - SMAN 6 BANDUNG - KETM : q: 6 : p: 6 - needQuota:1 - AddQuota:2"
time="2022-05-18T13:56:45+07:00" level=info msg=">0:HERIANSYAH SAEFUL - acc:0 - accId:ObjectID(\"60924c90004e4b003861893c\") distance: 405.155 Birth:1154131200000"
time="2022-05-18T13:56:45+07:00" level=info msg=">1:CINDY HILMU AR RACHMA - acc:0 - accId:ObjectID(\"60924c90004e4b003861893c\") distance: 771.822 Birth:1132790400000"
time="2022-05-18T13:56:45+07:00" level=info msg=">2:FAHRIL PUTRA RAKA PRATAMA - acc:0 - accId:ObjectID(\"60924c90004e4b003861893c\") distance: 966.311 Birth:1089676800000"
time="2022-05-18T13:56:45+07:00" level=info msg=">3:LIA RODIYANAH - acc:0 - accId:ObjectID(\"60924c90004e4b003861893c\") distance: 1191.4 Birth:1129075200000"
time="2022-05-18T13:56:45+07:00" level=info msg=">4:MUHAMAD FIKRIE L. I. NASTIYAR - acc:0 - accId:ObjectID(\"60924c90004e4b003861893c\") distance: 1475.547 Birth:1150416000000"
time="2022-05-18T13:56:45+07:00" level=info msg=">5:FAJAR MOCHAMMAD SYIDHIQ - acc:0 - accId:ObjectID(\"60924c90004e4b003861893c\") distance: 1475.547 Birth:1155254400000"
time="2022-05-18T13:56:45+07:00" level=info msg="3-ObjectID(\"000000000000000000000002\") - TemporaryKetm : q: 0 : p: 0 - needQuota:0 - AddQuota:0"
time="2022-05-18T13:56:45+07:00" level=info msg="0-ObjectID(\"60924c90004e4b0038618a15\") - SMAN 1 BANDUNG - KONDISI TERTENTU : q: 7 : p: 7 - needQuota:0 - AddQuota:0"
time="2022-05-18T13:56:45+07:00" level=info msg="1-ObjectID(\"60924c90004e4b00386189dd\") - SMAN 2 BANDUNG - KONDISI TERTENTU : q: 17 : p: 17 - needQuota:0 - AddQuota:0"
time="2022-05-18T13:56:45+07:00" level=info msg="2-ObjectID(\"60924c90004e4b003861893d\") - SMAN 6 BANDUNG - KONDISI TERTENTU : q: 1 : p: 1 - needQuota:0 - AddQuota:0"
time="2022-05-18T13:56:45+07:00" level=info msg="3-ObjectID(\"000000000000000000000003\") - TemporaryKondisiTertentu : q: 0 : p: 0 - needQuota:0 - AddQuota:0"
time="2022-05-18T13:56:45+07:00" level=info msg="The `for` loop took %s559.8959ms"
